<?xml version="1.0" ?>
<testsuites disabled="0" errors="0" failures="34" tests="128" time="1489.2562184333801">
	<testsuite disabled="0" errors="0" failures="34" name="conformance_test_v1.0" skipped="19" tests="128" time="1489.2562184333801">
		<testcase class="required" name="General test of command line generation" time="13.251010">
			<failure message="Command '/cwlexec-0.1/cwlexec --outdir=/tmp/tmp9_598hm7 --quiet v1.0/bwa-mem-tool.cwl v1.0/bwa-mem-job.json' returned non-zero exit status 127" type="failure">Command '/cwlexec-0.1/cwlexec --outdir=/tmp/tmp9_598hm7 --quiet v1.0/bwa-mem-tool.cwl v1.0/bwa-mem-job.json' returned non-zero exit status 127</failure>
			<system-err>[09:09:26.206] ERROR - The bwait command failed to execute (exitCode=2, exitMsg=done(101): Wait condition is never satisfied)
[09:09:26.208] ERROR - The job (bwa-mem-tool) exited.
</system-err>
		</testcase>
		<testcase class="required" name="Test nested prefixes with arrays" time="9.818640">
			<failure message="Command '/cwlexec-0.1/cwlexec --outdir=/tmp/tmpfpxj7n2i --quiet v1.0/binding-test.cwl v1.0/bwa-mem-job.json' returned non-zero exit status 127" type="failure">Command '/cwlexec-0.1/cwlexec --outdir=/tmp/tmpfpxj7n2i --quiet v1.0/binding-test.cwl v1.0/bwa-mem-job.json' returned non-zero exit status 127</failure>
			<system-err>[09:09:36.420] ERROR - The bwait command failed to execute (exitCode=2, exitMsg=done(102): Wait condition is never satisfied)
[09:09:36.422] ERROR - The job (binding-test) exited.
</system-err>
		</testcase>
		<testcase class="schema_def" name="Test nested command line bindings" time="11.926150">
			<failure message="Command '/cwlexec-0.1/cwlexec --outdir=/tmp/tmpvyhl6fei --quiet v1.0/tmap-tool.cwl v1.0/tmap-job.json' returned non-zero exit status 127" type="failure">Command '/cwlexec-0.1/cwlexec --outdir=/tmp/tmpvyhl6fei --quiet v1.0/tmap-tool.cwl v1.0/tmap-job.json' returned non-zero exit status 127</failure>
			<system-err>[09:09:48.318] ERROR - The bwait command failed to execute (exitCode=2, exitMsg=done(103): Wait condition is never satisfied)
[09:09:48.320] ERROR - The job (tmap-tool) exited.
</system-err>
		</testcase>
		<testcase class="required" name="Test command line with optional input (missing)" time="15.820038">
			<failure message="Command '/cwlexec-0.1/cwlexec --outdir=/tmp/tmpxf_ic9_m --quiet v1.0/cat1-testcli.cwl v1.0/cat-job.json' returned non-zero exit status 127" type="failure">Command '/cwlexec-0.1/cwlexec --outdir=/tmp/tmpxf_ic9_m --quiet v1.0/cat1-testcli.cwl v1.0/cat-job.json' returned non-zero exit status 127</failure>
			<system-err>[09:10:04.174] ERROR - The bwait command failed to execute (exitCode=2, exitMsg=done(104): Wait condition is never satisfied)
[09:10:04.177] ERROR - The job (cat1-testcli) exited.
</system-err>
		</testcase>
		<testcase class="required" name="Test command line with optional input (provided)" time="12.841052">
			<failure message="Command '/cwlexec-0.1/cwlexec --outdir=/tmp/tmp_bx3zg07 --quiet v1.0/cat1-testcli.cwl v1.0/cat-n-job.json' returned non-zero exit status 127" type="failure">Command '/cwlexec-0.1/cwlexec --outdir=/tmp/tmp_bx3zg07 --quiet v1.0/cat1-testcli.cwl v1.0/cat-n-job.json' returned non-zero exit status 127</failure>
			<system-err>[09:10:17.031] ERROR - The bwait command failed to execute (exitCode=2, exitMsg=done(105): Wait condition is never satisfied)
[09:10:17.034] ERROR - The job (cat1-testcli) exited.
</system-err>
		</testcase>
		<testcase class="initial_work_dir, inline_javascript" name="Test InitialWorkDirRequirement ExpressionEngineRequirement.engineConfig feature" time="15.973043">
			<failure message="Command '/cwlexec-0.1/cwlexec --outdir=/tmp/tmp7ssqo9yy --quiet v1.0/template-tool.cwl v1.0/cat-job.json' returned non-zero exit status 127" type="failure">Command '/cwlexec-0.1/cwlexec --outdir=/tmp/tmp7ssqo9yy --quiet v1.0/template-tool.cwl v1.0/cat-job.json' returned non-zero exit status 127</failure>
			<system-err>[09:10:32.566] ERROR - The bwait command failed to execute (exitCode=2, exitMsg=done(106): Wait condition is never satisfied)
[09:10:32.568] ERROR - The job (template-tool) exited.
</system-err>
		</testcase>
		<testcase class="required" name="Test command execution in Docker with stdout redirection" time="10.870636">
			<failure message="Command '/cwlexec-0.1/cwlexec --outdir=/tmp/tmp8b_30v_p --quiet v1.0/cat3-tool.cwl v1.0/cat-job.json' returned non-zero exit status 127" type="failure">Command '/cwlexec-0.1/cwlexec --outdir=/tmp/tmp8b_30v_p --quiet v1.0/cat3-tool.cwl v1.0/cat-job.json' returned non-zero exit status 127</failure>
			<system-err>[09:10:43.886] ERROR - The bwait command failed to execute (exitCode=2, exitMsg=done(107): Wait condition is never satisfied)
[09:10:43.889] ERROR - The job (cat3-tool) exited.
</system-err>
		</testcase>
		<testcase class="required" name="Test command execution in Docker with simplified syntax stdout redirection" time="15.301950">
			<failure message="Command '/cwlexec-0.1/cwlexec --outdir=/tmp/tmp0vw7bo5b --quiet v1.0/cat3-tool-shortcut.cwl v1.0/cat-job.json' returned non-zero exit status 127" type="failure">Command '/cwlexec-0.1/cwlexec --outdir=/tmp/tmp0vw7bo5b --quiet v1.0/cat3-tool-shortcut.cwl v1.0/cat-job.json' returned non-zero exit status 127</failure>
			<system-err>[09:10:58.802] ERROR - The bwait command failed to execute (exitCode=2, exitMsg=done(108): Wait condition is never satisfied)
[09:10:58.804] ERROR - The job (cat3-tool-shortcut) exited.
</system-err>
		</testcase>
		<testcase class="required" name="Test command execution in Docker with stdout redirection" time="15.259534">
			<failure message="Command '/cwlexec-0.1/cwlexec --outdir=/tmp/tmpddji2bf2 --quiet v1.0/cat3-tool-mediumcut.cwl v1.0/cat-job.json' returned non-zero exit status 127" type="failure">Command '/cwlexec-0.1/cwlexec --outdir=/tmp/tmpddji2bf2 --quiet v1.0/cat3-tool-mediumcut.cwl v1.0/cat-job.json' returned non-zero exit status 127</failure>
			<system-err>[09:11:14.022] ERROR - The bwait command failed to execute (exitCode=2, exitMsg=done(109): Wait condition is never satisfied)
[09:11:14.024] ERROR - The job (cat3-tool-mediumcut) exited.
</system-err>
		</testcase>
		<testcase class="shell_command" name="Test command line with stderr redirection" time="14.417900">
			<system-out>{
  &quot;output_file&quot; : {
    &quot;location&quot; : &quot;file:///tmp/tmpcxixrt_s/stderr-b91b31ef-7d10-46d8-ab6b-c844ca7d79a2/error.txt&quot;,
    &quot;path&quot; : &quot;/tmp/tmpcxixrt_s/stderr-b91b31ef-7d10-46d8-ab6b-c844ca7d79a2/error.txt&quot;,
    &quot;basename&quot; : &quot;error.txt&quot;,
    &quot;dirname&quot; : &quot;/tmp/tmpcxixrt_s/stderr-b91b31ef-7d10-46d8-ab6b-c844ca7d79a2&quot;,
    &quot;nameroot&quot; : &quot;error&quot;,
    &quot;nameext&quot; : &quot;.txt&quot;,
    &quot;checksum&quot; : &quot;sha1$f1d2d2f924e986ac86fdf7b36c94bcdf32beec15&quot;,
    &quot;size&quot; : 4,
    &quot;class&quot; : &quot;File&quot;
  }
}
</system-out>
		</testcase>
		<testcase class="shell_command" name="Test command line with stderr redirection, brief syntax" time="8.912550">
			<system-out>{
  &quot;output_file&quot; : {
    &quot;location&quot; : &quot;file:///tmp/tmpn8gip4ps/stderr-shortcut-d7b1b5b9-6037-45e6-8847-31fc6a0586ff/random_stderr_55f3d98ce&quot;,
    &quot;path&quot; : &quot;/tmp/tmpn8gip4ps/stderr-shortcut-d7b1b5b9-6037-45e6-8847-31fc6a0586ff/random_stderr_55f3d98ce&quot;,
    &quot;basename&quot; : &quot;random_stderr_55f3d98ce&quot;,
    &quot;dirname&quot; : &quot;/tmp/tmpn8gip4ps/stderr-shortcut-d7b1b5b9-6037-45e6-8847-31fc6a0586ff&quot;,
    &quot;checksum&quot; : &quot;sha1$f1d2d2f924e986ac86fdf7b36c94bcdf32beec15&quot;,
    &quot;size&quot; : 4,
    &quot;class&quot; : &quot;File&quot;
  }
}
</system-out>
		</testcase>
		<testcase class="shell_command" name="Test command line with stderr redirection, named brief syntax" time="8.243935">
			<system-out>{
  &quot;output_file&quot; : {
    &quot;location&quot; : &quot;file:///tmp/tmplw0msv26/stderr-mediumcut-6960f6e2-2025-48bf-887e-e90ed5d4371a/std.err&quot;,
    &quot;path&quot; : &quot;/tmp/tmplw0msv26/stderr-mediumcut-6960f6e2-2025-48bf-887e-e90ed5d4371a/std.err&quot;,
    &quot;basename&quot; : &quot;std.err&quot;,
    &quot;dirname&quot; : &quot;/tmp/tmplw0msv26/stderr-mediumcut-6960f6e2-2025-48bf-887e-e90ed5d4371a&quot;,
    &quot;nameroot&quot; : &quot;std&quot;,
    &quot;nameext&quot; : &quot;.err&quot;,
    &quot;checksum&quot; : &quot;sha1$f1d2d2f924e986ac86fdf7b36c94bcdf32beec15&quot;,
    &quot;size&quot; : 4,
    &quot;class&quot; : &quot;File&quot;
  }
}
</system-out>
		</testcase>
		<testcase class="required" name="Test command execution in Docker with stdin and stdout redirection" time="12.720989">
			<failure message="Command '/cwlexec-0.1/cwlexec --outdir=/tmp/tmp92x91grv --quiet v1.0/cat4-tool.cwl v1.0/cat-job.json' returned non-zero exit status 127" type="failure">Command '/cwlexec-0.1/cwlexec --outdir=/tmp/tmp92x91grv --quiet v1.0/cat4-tool.cwl v1.0/cat-job.json' returned non-zero exit status 127</failure>
			<system-err>[09:11:58.785] ERROR - The bwait command failed to execute (exitCode=2, exitMsg=done(113): Wait condition is never satisfied)
[09:11:58.788] ERROR - The job (cat4-tool) exited.
</system-err>
		</testcase>
		<testcase class="inline_javascript" name="Test default usage of Any in expressions." time="4.105786">
			<skipped message="Unsupported" type="skipped"/>
			<system-err>The field [class] with &quot;ExpressionTool&quot; is not supported.
</system-err>
		</testcase>
		<testcase class="inline_javascript" name="Test explicitly passing null to Any type inputs with default values." time="3.976406">
			<skipped message="Unsupported" type="skipped"/>
			<system-err>The field [class] with &quot;ExpressionTool&quot; is not supported.
</system-err>
		</testcase>
		<testcase class="inline_javascript" name="Testing the string 'null' does not trip up an Any with a default value." time="4.051791">
			<skipped message="Unsupported" type="skipped"/>
			<system-err>The field [class] with &quot;ExpressionTool&quot; is not supported.
</system-err>
		</testcase>
		<testcase class="inline_javascript" name="Test Any without defaults can be unspecified." time="4.122465">
			<skipped message="Unsupported" type="skipped"/>
			<system-err>The field [class] with &quot;ExpressionTool&quot; is not supported.
</system-err>
		</testcase>
		<testcase class="inline_javascript" name="Test explicitly passing null to Any type without a default value." time="4.136186">
			<skipped message="Unsupported" type="skipped"/>
			<system-err>The field [class] with &quot;ExpressionTool&quot; is not supported.
</system-err>
		</testcase>
		<testcase class="inline_javascript" name="Testing the string 'null' does not trip up an Any without a default value." time="3.964254">
			<skipped message="Unsupported" type="skipped"/>
			<system-err>The field [class] with &quot;ExpressionTool&quot; is not supported.
</system-err>
		</testcase>
		<testcase class="required" name="Testing Any type compatibility in outputSource" time="4.453517">
			<system-out>{
  &quot;output3&quot; : &quot;hello&quot;,
  &quot;output1&quot; : [ &quot;hello&quot;, &quot;world&quot; ],
  &quot;output2&quot; : [ &quot;foo&quot;, &quot;bar&quot; ]
}
</system-out>
		</testcase>
		<testcase class="required" name="Test command execution in with stdin and stdout redirection" time="9.462378">
			<system-out>{
  &quot;output&quot; : {
    &quot;location&quot; : &quot;file:///tmp/tmp1vq20tj9/cat-tool-56c42e31-de34-455b-abe2-f6367eb7269f/output&quot;,
    &quot;path&quot; : &quot;/tmp/tmp1vq20tj9/cat-tool-56c42e31-de34-455b-abe2-f6367eb7269f/output&quot;,
    &quot;basename&quot; : &quot;output&quot;,
    &quot;dirname&quot; : &quot;/tmp/tmp1vq20tj9/cat-tool-56c42e31-de34-455b-abe2-f6367eb7269f&quot;,
    &quot;checksum&quot; : &quot;sha1$47a013e660d408619d894b20806b1d5086aab03b&quot;,
    &quot;size&quot; : 13,
    &quot;class&quot; : &quot;File&quot;
  }
}
</system-out>
		</testcase>
		<testcase class="inline_javascript" name="Test ExpressionTool with Docker-based expression engine" time="4.153206">
			<skipped message="Unsupported" type="skipped"/>
			<system-err>The field [class] with &quot;ExpressionTool&quot; is not supported.
</system-err>
		</testcase>
		<testcase class="inline_javascript" name="Test outputEval to transform output" time="18.393238">
			<system-out>{
  &quot;output&quot; : 16
}
</system-out>
		</testcase>
		<testcase class="inline_javascript" name="Test two step workflow with imported tools" time="3.973026">
			<skipped message="Unsupported" type="skipped"/>
			<system-err>The field [class] with &quot;ExpressionTool&quot; is not supported.
</system-err>
		</testcase>
		<testcase class="inline_javascript" name="Test two step workflow with inline tools" time="4.153998">
			<skipped message="Unsupported" type="skipped"/>
			<system-err>The field [class] with &quot;ExpressionTool&quot; is not supported.
</system-err>
		</testcase>
		<testcase class="scatter, inline_javascript" name="Test single step workflow with Scatter step" time="14.775713">
			<system-out>{
  &quot;count_output&quot; : [ 16, 1 ]
}
</system-out>
		</testcase>
		<testcase class="scatter, multiple_input, inline_javascript" name="Test single step workflow with Scatter step and two data links connected to
same input, default merge behavior" time="14.375983">
			<system-out>{
  &quot;count_output&quot; : [ 16, 1 ]
}
</system-out>
		</testcase>
		<testcase class="scatter, multiple_input, inline_javascript" name="Test single step workflow with Scatter step and two data links connected to
same input, nested merge behavior" time="16.993098">
			<system-out>{
  &quot;count_output&quot; : [ 32, 2 ]
}
</system-out>
		</testcase>
		<testcase class="multiple_input, inline_javascript" name="Test single step workflow with Scatter step and two data links connected to
same input, flattened merge behavior" time="9.297077">
			<system-out>{
  &quot;count_output&quot; : 34
}
</system-out>
		</testcase>
		<testcase class="inline_javascript" name="Test that no MultipleInputFeatureRequirement is necessary when
workflow step source is a single-item list" time="13.210916">
			<system-out>{
  &quot;count_output&quot; : 32
}
</system-out>
		</testcase>
		<testcase class="inline_javascript" name="Test workflow with default value for input parameter (missing)" time="14.320452">
			<system-out>{
  &quot;count_output&quot; : 1
}
</system-out>
		</testcase>
		<testcase class="inline_javacscript" name="Test workflow with default value for input parameter (provided)" time="9.279445">
			<system-out>{
  &quot;count_output&quot; : 16
}
</system-out>
		</testcase>
		<testcase class="required" name="Test that workflow defaults override tool defaults" time="11.865533">
			<system-out>{
  &quot;default_output&quot; : &quot;workflow_default&quot;
}
</system-out>
		</testcase>
		<testcase class="env_var" name="Test EnvVarRequirement" time="15.304869">
			<system-out>{
  &quot;out&quot; : {
    &quot;location&quot; : &quot;file:///tmp/tmpmwhx2r2i/env-tool1-1f46a1b7-e3f8-4568-b416-2c8bce65ecb8/out&quot;,
    &quot;path&quot; : &quot;/tmp/tmpmwhx2r2i/env-tool1-1f46a1b7-e3f8-4568-b416-2c8bce65ecb8/out&quot;,
    &quot;basename&quot; : &quot;out&quot;,
    &quot;dirname&quot; : &quot;/tmp/tmpmwhx2r2i/env-tool1-1f46a1b7-e3f8-4568-b416-2c8bce65ecb8&quot;,
    &quot;checksum&quot; : &quot;sha1$b3ec4ed1749c207e52b3a6d08c59f31d83bff519&quot;,
    &quot;size&quot; : 15,
    &quot;class&quot; : &quot;File&quot;
  }
}
</system-out>
		</testcase>
		<testcase class="scatter" name="Test workflow scatter with single scatter parameter" time="17.364544">
			<system-out>{
  &quot;out&quot; : [ &quot;foo one&quot;, &quot;foo two&quot;, &quot;foo three&quot;, &quot;foo four&quot; ]
}
</system-out>
		</testcase>
		<testcase class="scatter" name="Test workflow scatter with two scatter parameters and nested_crossproduct join method" time="17.881485">
			<system-out>{
  &quot;out&quot; : [ [ &quot;foo one three&quot;, &quot;foo one four&quot; ], [ &quot;foo two three&quot;, &quot;foo two four&quot; ] ]
}
</system-out>
		</testcase>
		<testcase class="scatter" name="Test workflow scatter with two scatter parameters and flat_crossproduct join method" time="17.842014">
			<system-out>{
  &quot;out&quot; : [ &quot;foo one three&quot;, &quot;foo one four&quot;, &quot;foo two three&quot;, &quot;foo two four&quot; ]
}
</system-out>
		</testcase>
		<testcase class="scatter" name="Test workflow scatter with two scatter parameters and dotproduct join method" time="18.754169">
			<system-out>{
  &quot;out&quot; : [ &quot;foo one three&quot;, &quot;foo two four&quot; ]
}
</system-out>
		</testcase>
		<testcase class="scatter" name="Test workflow scatter with single empty list parameter" time="8.342902">
			<system-out>{
  &quot;out&quot; : [ ]
}
</system-out>
		</testcase>
		<testcase class="scatter" name="Test workflow scatter with two scatter parameters and nested_crossproduct join method with second list empty" time="7.828110">
			<system-out>{
  &quot;out&quot; : [ [ ], [ ] ]
}
</system-out>
		</testcase>
		<testcase class="scatter" name="Test workflow scatter with two scatter parameters and nested_crossproduct join method with first list empty" time="11.715334">
			<system-out>{
  &quot;out&quot; : [ ]
}
</system-out>
		</testcase>
		<testcase class="scatter" name="Test workflow scatter with two scatter parameters, one of which is empty and flat_crossproduct join method" time="9.750167">
			<system-out>{
  &quot;out&quot; : [ ]
}
</system-out>
		</testcase>
		<testcase class="scatter" name="Test workflow scatter with two empty scatter parameters and dotproduct join method" time="8.411312">
			<system-out>{
  &quot;out&quot; : [ ]
}
</system-out>
		</testcase>
		<testcase class="required" name="Test Any type input parameter" time="13.313221">
			<system-out>{
  &quot;out&quot; : &quot;hello test env\n&quot;
}
</system-out>
		</testcase>
		<testcase class="subworkflow" name="Test nested workflow" time="4.072765">
			<skipped message="Unsupported" type="skipped"/>
			<system-err>The field [class] with &quot;ExpressionTool&quot; is not supported.
</system-err>
		</testcase>
		<testcase class="env_var" name="Test requirement priority" time="9.309220">
			<system-out>{
  &quot;out&quot; : {
    &quot;location&quot; : &quot;file:///tmp/tmpgv3plqel/env-wf1-ab2384a8-bb66-4a59-a62f-7eba2a8db234/out&quot;,
    &quot;path&quot; : &quot;/tmp/tmpgv3plqel/env-wf1-ab2384a8-bb66-4a59-a62f-7eba2a8db234/out&quot;,
    &quot;basename&quot; : &quot;out&quot;,
    &quot;dirname&quot; : &quot;/tmp/tmpgv3plqel/env-wf1-ab2384a8-bb66-4a59-a62f-7eba2a8db234&quot;,
    &quot;checksum&quot; : &quot;sha1$b3ec4ed1749c207e52b3a6d08c59f31d83bff519&quot;,
    &quot;size&quot; : 15,
    &quot;class&quot; : &quot;File&quot;
  }
}
</system-out>
		</testcase>
		<testcase class="env_var" name="Test requirements override hints" time="12.105401">
			<system-out>{
  &quot;out&quot; : {
    &quot;location&quot; : &quot;file:///tmp/tmp2kh6g6dw/env-wf2-09f8f3d2-ed43-4614-8bd4-285c656ffb89/out&quot;,
    &quot;path&quot; : &quot;/tmp/tmp2kh6g6dw/env-wf2-09f8f3d2-ed43-4614-8bd4-285c656ffb89/out&quot;,
    &quot;basename&quot; : &quot;out&quot;,
    &quot;dirname&quot; : &quot;/tmp/tmp2kh6g6dw/env-wf2-09f8f3d2-ed43-4614-8bd4-285c656ffb89&quot;,
    &quot;checksum&quot; : &quot;sha1$cdc1e84968261d6a7575b5305945471f8be199b6&quot;,
    &quot;size&quot; : 9,
    &quot;class&quot; : &quot;File&quot;
  }
}
</system-out>
		</testcase>
		<testcase class="env_var" name="Test requirements on workflow steps" time="8.251955">
			<system-out>{
  &quot;out&quot; : {
    &quot;location&quot; : &quot;file:///tmp/tmpaha9l1nr/env-wf3-0ac3dc73-6e4a-4725-a969-5248da90b5e3/out&quot;,
    &quot;path&quot; : &quot;/tmp/tmpaha9l1nr/env-wf3-0ac3dc73-6e4a-4725-a969-5248da90b5e3/out&quot;,
    &quot;basename&quot; : &quot;out&quot;,
    &quot;dirname&quot; : &quot;/tmp/tmpaha9l1nr/env-wf3-0ac3dc73-6e4a-4725-a969-5248da90b5e3&quot;,
    &quot;checksum&quot; : &quot;sha1$cdc1e84968261d6a7575b5305945471f8be199b6&quot;,
    &quot;size&quot; : 9,
    &quot;class&quot; : &quot;File&quot;
  }
}
</system-out>
		</testcase>
		<testcase class="inline_javascript" name="Test default value on step input parameter" time="4.276411">
			<skipped message="Unsupported" type="skipped"/>
			<system-err>The field [class] with &quot;ExpressionTool&quot; is not supported.
</system-err>
		</testcase>
		<testcase class="inline_javascript" name="Test use default value on step input parameter with empty source" time="4.271375">
			<skipped message="Unsupported" type="skipped"/>
			<system-err>The field [class] with &quot;ExpressionTool&quot; is not supported.
</system-err>
		</testcase>
		<testcase class="inline_javascript" name="Test use default value on step input parameter with null source" time="3.957854">
			<skipped message="Unsupported" type="skipped"/>
			<system-err>The field [class] with &quot;ExpressionTool&quot; is not supported.
</system-err>
		</testcase>
		<testcase class="inline_javascript" name="Test default value on step input parameter overridden by provided source" time="4.056726">
			<skipped message="Unsupported" type="skipped"/>
			<system-err>The field [class] with &quot;ExpressionTool&quot; is not supported.
</system-err>
		</testcase>
		<testcase class="required" name="Test simple workflow" time="12.465439">
			<failure message="Command '/cwlexec-0.1/cwlexec --outdir=/tmp/tmpabg9duna --quiet v1.0/revsort.cwl v1.0/revsort-job.json' returned non-zero exit status 127" type="failure">Command '/cwlexec-0.1/cwlexec --outdir=/tmp/tmpabg9duna --quiet v1.0/revsort.cwl v1.0/revsort-job.json' returned non-zero exit status 127</failure>
			<system-err>[09:18:20.701] ERROR - The workflow (revsort) exited with &lt;127&gt;.
[09:18:20.703] WARN  - killing waiting job (sorted) &lt;159&gt;.
</system-err>
		</testcase>
		<testcase class="required" name="Test unknown hints are ignored." time="20.913777">
			<failure message="Command '/cwlexec-0.1/cwlexec --outdir=/tmp/tmpebldbp8l --quiet v1.0/cat5-tool.cwl v1.0/cat-job.json' returned non-zero exit status 127" type="failure">Command '/cwlexec-0.1/cwlexec --outdir=/tmp/tmpebldbp8l --quiet v1.0/cat5-tool.cwl v1.0/cat-job.json' returned non-zero exit status 127</failure>
			<system-err>[09:18:25.337] WARN  - The hint &lt;ex:BlibberBlubberFakeRequirement&gt; is unsupported.
[09:18:42.117] ERROR - The bwait command failed to execute (exitCode=2, exitMsg=done(160): Wait condition is never satisfied)
[09:18:42.118] ERROR - The job (cat5-tool) exited.
</system-err>
		</testcase>
		<testcase class="initial_work_dir, inline_javascript" name="Test InitialWorkDirRequirement linking input files and capturing secondaryFiles
on input and output." time="13.365969">
			<failure message="Command '/cwlexec-0.1/cwlexec --outdir=/tmp/tmpiatq3_92 --quiet v1.0/search.cwl#main v1.0/search-job.json' returned non-zero exit status 127" type="failure">Command '/cwlexec-0.1/cwlexec --outdir=/tmp/tmpiatq3_92 --quiet v1.0/search.cwl#main v1.0/search-job.json' returned non-zero exit status 127</failure>
			<system-err>[09:18:55.063] ERROR - The workflow (search) exited with &lt;127&gt;.
[09:18:55.065] WARN  - killing waiting job (search) &lt;162&gt;.
</system-err>
		</testcase>
		<testcase class="initial_work_dir" name="Test InitialWorkDirRequirement with expression in filename." time="19.770675">
			<system-out>{
  &quot;outfile&quot; : {
    &quot;location&quot; : &quot;file:///tmp/tmptzbyeu1c/rename-420b15d3-7576-4d4a-b028-174f768d5e5e/fish.txt&quot;,
    &quot;path&quot; : &quot;/tmp/tmptzbyeu1c/rename-420b15d3-7576-4d4a-b028-174f768d5e5e/fish.txt&quot;,
    &quot;basename&quot; : &quot;fish.txt&quot;,
    &quot;dirname&quot; : &quot;/tmp/tmptzbyeu1c/rename-420b15d3-7576-4d4a-b028-174f768d5e5e&quot;,
    &quot;nameroot&quot; : &quot;fish&quot;,
    &quot;nameext&quot; : &quot;.txt&quot;,
    &quot;checksum&quot; : &quot;sha1$327fc7aedf4f6b69a42a7c8b808dc5a7aff61376&quot;,
    &quot;size&quot; : 1111,
    &quot;class&quot; : &quot;File&quot;
  }
}
</system-out>
		</testcase>
		<testcase class="required" name="Test if trailing newline is present in file entry in InitialWorkDir" time="9.837317">
			<system-out>{
  &quot;out&quot; : {
    &quot;location&quot; : &quot;file:///tmp/tmp0eev0wan/iwdr-entry-f97df151-2391-468c-b2fa-2530f7ae5098/example.conf&quot;,
    &quot;path&quot; : &quot;/tmp/tmp0eev0wan/iwdr-entry-f97df151-2391-468c-b2fa-2530f7ae5098/example.conf&quot;,
    &quot;basename&quot; : &quot;example.conf&quot;,
    &quot;dirname&quot; : &quot;/tmp/tmp0eev0wan/iwdr-entry-f97df151-2391-468c-b2fa-2530f7ae5098&quot;,
    &quot;nameroot&quot; : &quot;example&quot;,
    &quot;nameext&quot; : &quot;.conf&quot;,
    &quot;checksum&quot; : &quot;sha1$6a47aa22b2a9d13a66a24b3ee5eaed95ce4753cf&quot;,
    &quot;size&quot; : 16,
    &quot;class&quot; : &quot;File&quot;
  }
}
</system-out>
		</testcase>
		<testcase class="inline_javascript" name="Test inline expressions" time="9.505075">
			<system-out>{
  &quot;output&quot; : 16
}
</system-out>
		</testcase>
		<testcase class="schema_def, inline_javascript" name="Test SchemaDefRequirement definition used in tool parameter" time="8.871068">
			<system-out>{
  &quot;output&quot; : {
    &quot;location&quot; : &quot;file:///tmp/tmpn36gkjli/schemadef-tool-1b79845c-df43-48e0-bd5c-e5a66864fa2f/output.txt&quot;,
    &quot;path&quot; : &quot;/tmp/tmpn36gkjli/schemadef-tool-1b79845c-df43-48e0-bd5c-e5a66864fa2f/output.txt&quot;,
    &quot;basename&quot; : &quot;output.txt&quot;,
    &quot;dirname&quot; : &quot;/tmp/tmpn36gkjli/schemadef-tool-1b79845c-df43-48e0-bd5c-e5a66864fa2f&quot;,
    &quot;nameroot&quot; : &quot;output&quot;,
    &quot;nameext&quot; : &quot;.txt&quot;,
    &quot;checksum&quot; : &quot;sha1$f12e6cfe70f3253f70b0dbde17c692e7fb0f1e5e&quot;,
    &quot;size&quot; : 12,
    &quot;class&quot; : &quot;File&quot;
  }
}
</system-out>
		</testcase>
		<testcase class="schema_def" name="Test SchemaDefRequirement definition used in workflow parameter" time="9.742981">
			<system-out>{
  &quot;output&quot; : {
    &quot;location&quot; : &quot;file:///tmp/tmpjp6hw93x/schemadef-wf-9f25e21b-7074-4fd5-aad9-3161da262ee0/output.txt&quot;,
    &quot;path&quot; : &quot;/tmp/tmpjp6hw93x/schemadef-wf-9f25e21b-7074-4fd5-aad9-3161da262ee0/output.txt&quot;,
    &quot;basename&quot; : &quot;output.txt&quot;,
    &quot;dirname&quot; : &quot;/tmp/tmpjp6hw93x/schemadef-wf-9f25e21b-7074-4fd5-aad9-3161da262ee0&quot;,
    &quot;nameroot&quot; : &quot;output&quot;,
    &quot;nameext&quot; : &quot;.txt&quot;,
    &quot;checksum&quot; : &quot;sha1$f12e6cfe70f3253f70b0dbde17c692e7fb0f1e5e&quot;,
    &quot;size&quot; : 12,
    &quot;class&quot; : &quot;File&quot;
  }
}
</system-out>
		</testcase>
		<testcase class="required" name="Test parameter evaluation, no support for JS expressions" time="19.816763">
			<system-out>{
  &quot;t4&quot; : {
    &quot;b'az&quot; : true,
    &quot;b\&quot;az&quot; : null,
    &quot;buz&quot; : [ &quot;a&quot;, &quot;b&quot;, &quot;c&quot; ],
    &quot;baz&quot; : &quot;zab1&quot;,
    &quot;b az&quot; : 2
  },
  &quot;t5&quot; : &quot;zab1&quot;,
  &quot;t6&quot; : &quot;zab1&quot;,
  &quot;t7&quot; : &quot;zab1&quot;,
  &quot;t8&quot; : &quot;zab1&quot;,
  &quot;t9&quot; : 2,
  &quot;t10&quot; : true,
  &quot;t12&quot; : null,
  &quot;t11&quot; : true,
  &quot;t14&quot; : &quot;-zab1&quot;,
  &quot;t13&quot; : &quot;-zab1&quot;,
  &quot;t16&quot; : &quot;-zab1&quot;,
  &quot;t15&quot; : &quot;-zab1&quot;,
  &quot;t18&quot; : &quot;zab1 zab1&quot;,
  &quot;t17&quot; : &quot;zab1 zab1&quot;,
  &quot;t19&quot; : &quot;zab1 zab1&quot;,
  &quot;t21&quot; : &quot;2 2&quot;,
  &quot;t20&quot; : &quot;zab1 zab1&quot;,
  &quot;t23&quot; : &quot;true true&quot;,
  &quot;t22&quot; : &quot;true true&quot;,
  &quot;t25&quot; : &quot;b&quot;,
  &quot;t24&quot; : &quot;null null&quot;,
  &quot;t27&quot; : null,
  &quot;t26&quot; : &quot;b b&quot;,
  &quot;t28&quot; : 3,
  &quot;t1&quot; : {
    &quot;bar&quot; : {
      &quot;b'az&quot; : true,
      &quot;b\&quot;az&quot; : null,
      &quot;buz&quot; : [ &quot;a&quot;, &quot;b&quot;, &quot;c&quot; ],
      &quot;baz&quot; : &quot;zab1&quot;,
      &quot;b az&quot; : 2
    }
  },
  &quot;t2&quot; : {
    &quot;b'az&quot; : true,
    &quot;b\&quot;az&quot; : null,
    &quot;buz&quot; : [ &quot;a&quot;, &quot;b&quot;, &quot;c&quot; ],
    &quot;baz&quot; : &quot;zab1&quot;,
    &quot;b az&quot; : 2
  },
  &quot;t3&quot; : {
    &quot;b'az&quot; : true,
    &quot;b\&quot;az&quot; : null,
    &quot;buz&quot; : [ &quot;a&quot;, &quot;b&quot;, &quot;c&quot; ],
    &quot;baz&quot; : &quot;zab1&quot;,
    &quot;b az&quot; : 2
  }
}
</system-out>
		</testcase>
		<testcase class="inline_javascript" name="Test parameter evaluation, with support for JS expressions" time="10.486308">
			<system-out>{
  &quot;t4&quot; : {
    &quot;b'az&quot; : true,
    &quot;b\&quot;az&quot; : null,
    &quot;buz&quot; : [ &quot;a&quot;, &quot;b&quot;, &quot;c&quot; ],
    &quot;baz&quot; : &quot;zab1&quot;,
    &quot;b az&quot; : 2
  },
  &quot;t5&quot; : &quot;zab1&quot;,
  &quot;t6&quot; : &quot;zab1&quot;,
  &quot;t7&quot; : &quot;zab1&quot;,
  &quot;t8&quot; : &quot;zab1&quot;,
  &quot;t9&quot; : 2,
  &quot;t10&quot; : true,
  &quot;t12&quot; : null,
  &quot;t11&quot; : true,
  &quot;t14&quot; : &quot;-zab1&quot;,
  &quot;t13&quot; : &quot;-zab1&quot;,
  &quot;t16&quot; : &quot;-zab1&quot;,
  &quot;t15&quot; : &quot;-zab1&quot;,
  &quot;t18&quot; : &quot;zab1 zab1&quot;,
  &quot;t17&quot; : &quot;zab1 zab1&quot;,
  &quot;t19&quot; : &quot;zab1 zab1&quot;,
  &quot;t21&quot; : &quot;2 2&quot;,
  &quot;t20&quot; : &quot;zab1 zab1&quot;,
  &quot;t23&quot; : &quot;true true&quot;,
  &quot;t22&quot; : &quot;true true&quot;,
  &quot;t25&quot; : &quot;b&quot;,
  &quot;t24&quot; : &quot;null null&quot;,
  &quot;t27&quot; : null,
  &quot;t26&quot; : &quot;b b&quot;,
  &quot;t28&quot; : 3,
  &quot;t1&quot; : {
    &quot;bar&quot; : {
      &quot;b'az&quot; : true,
      &quot;b\&quot;az&quot; : null,
      &quot;buz&quot; : [ &quot;a&quot;, &quot;b&quot;, &quot;c&quot; ],
      &quot;baz&quot; : &quot;zab1&quot;,
      &quot;b az&quot; : 2
    }
  },
  &quot;t2&quot; : {
    &quot;b'az&quot; : true,
    &quot;b\&quot;az&quot; : null,
    &quot;buz&quot; : [ &quot;a&quot;, &quot;b&quot;, &quot;c&quot; ],
    &quot;baz&quot; : &quot;zab1&quot;,
    &quot;b az&quot; : 2
  },
  &quot;t3&quot; : {
    &quot;b'az&quot; : true,
    &quot;b\&quot;az&quot; : null,
    &quot;buz&quot; : [ &quot;a&quot;, &quot;b&quot;, &quot;c&quot; ],
    &quot;baz&quot; : &quot;zab1&quot;,
    &quot;b az&quot; : 2
  }
}
</system-out>
		</testcase>
		<testcase class="required" name="Test metadata" time="11.180076">
			<failure message="Command '/cwlexec-0.1/cwlexec --outdir=/tmp/tmpkqns_8aj --quiet v1.0/metadata.cwl v1.0/cat-job.json' returned non-zero exit status 127" type="failure">Command '/cwlexec-0.1/cwlexec --outdir=/tmp/tmpkqns_8aj --quiet v1.0/metadata.cwl v1.0/cat-job.json' returned non-zero exit status 127</failure>
			<system-err>[09:20:34.231] ERROR - The bwait command failed to execute (exitCode=2, exitMsg=done(170): Wait condition is never satisfied)
[09:20:34.233] ERROR - The job (metadata) exited.
</system-err>
		</testcase>
		<testcase class="required" name="Test simple format checking." time="9.513111">
			<system-out>{
  &quot;output&quot; : {
    &quot;location&quot; : &quot;file:///tmp/tmph6p0m1yd/formattest-02497014-619c-48ea-b5a1-7c507fc503d6/output.txt&quot;,
    &quot;path&quot; : &quot;/tmp/tmph6p0m1yd/formattest-02497014-619c-48ea-b5a1-7c507fc503d6/output.txt&quot;,
    &quot;basename&quot; : &quot;output.txt&quot;,
    &quot;dirname&quot; : &quot;/tmp/tmph6p0m1yd/formattest-02497014-619c-48ea-b5a1-7c507fc503d6&quot;,
    &quot;nameroot&quot; : &quot;output&quot;,
    &quot;nameext&quot; : &quot;.txt&quot;,
    &quot;checksum&quot; : &quot;sha1$97fe1b50b4582cebc7d853796ebd62e3e163aa3f&quot;,
    &quot;size&quot; : 1111,
    &quot;format&quot; : &quot;http://edamontology.org/format_2330&quot;,
    &quot;class&quot; : &quot;File&quot;
  }
}
</system-out>
		</testcase>
		<testcase class="required" name="Test format checking against ontology using subclassOf." time="11.832331">
			<failure message="Command '/cwlexec-0.1/cwlexec --outdir=/tmp/tmp55puqjc0 --quiet v1.0/formattest2.cwl v1.0/formattest2-job.json' returned non-zero exit status 127" type="failure">Command '/cwlexec-0.1/cwlexec --outdir=/tmp/tmp55puqjc0 --quiet v1.0/formattest2.cwl v1.0/formattest2-job.json' returned non-zero exit status 127</failure>
			<system-err>[09:20:56.024] ERROR - The bwait command failed to execute (exitCode=2, exitMsg=done(172): Wait condition is never satisfied)
[09:20:56.026] ERROR - The job (formattest2) exited.
</system-err>
		</testcase>
		<testcase class="required" name="Test format checking against ontology using equivalentClass." time="15.336101">
			<failure message="Command '/cwlexec-0.1/cwlexec --outdir=/tmp/tmp3azeu8uk --quiet v1.0/formattest3.cwl v1.0/formattest2-job.json' returned non-zero exit status 127" type="failure">Command '/cwlexec-0.1/cwlexec --outdir=/tmp/tmp3azeu8uk --quiet v1.0/formattest3.cwl v1.0/formattest2-job.json' returned non-zero exit status 127</failure>
			<system-err>[09:21:10.950] ERROR - The bwait command failed to execute (exitCode=2, exitMsg=done(173): Wait condition is never satisfied)
[09:21:10.952] ERROR - The job (formattest3) exited.
</system-err>
		</testcase>
		<testcase class="docker" name="Test optional output file and optional secondaryFile on output." time="12.950654">
			<failure message="Command '/cwlexec-0.1/cwlexec --outdir=/tmp/tmpkv4asr8z --quiet v1.0/optional-output.cwl v1.0/cat-job.json' returned non-zero exit status 127" type="failure">Command '/cwlexec-0.1/cwlexec --outdir=/tmp/tmpkv4asr8z --quiet v1.0/optional-output.cwl v1.0/cat-job.json' returned non-zero exit status 127</failure>
			<system-err>[09:21:24.337] ERROR - The bwait command failed to execute (exitCode=2, exitMsg=done(174): Wait condition is never satisfied)
[09:21:24.339] ERROR - The job (optional-output) exited.
</system-err>
		</testcase>
		<testcase class="inline_javascript" name="Test that second expression in concatenated valueFrom is not ignored" time="12.257118">
			<system-out>{
  &quot;out&quot; : &quot;a string\n&quot;
}
</system-out>
		</testcase>
		<testcase class="step_input, inline_javascript" name="Test valueFrom on workflow step." time="4.252901">
			<skipped message="Unsupported" type="skipped"/>
			<system-err>The field [class] with &quot;ExpressionTool&quot; is not supported.
</system-err>
		</testcase>
		<testcase class="step_input, inline_javascript, multiple_input" name="Test valueFrom on workflow step with multiple sources" time="10.370713">
			<system-out>{
  &quot;val&quot; : &quot;3\n&quot;
}
</system-out>
		</testcase>
		<testcase class="step_input, inline_javascript" name="Test valueFrom on workflow step referencing other inputs" time="12.399663">
			<system-out>{
  &quot;val&quot; : &quot;3\n&quot;
}
</system-out>
		</testcase>
		<testcase class="shell_command" name="Test record type output binding." time="12.440165">
			<system-out>{
  &quot;orec&quot; : {
    &quot;ofoo&quot; : {
      &quot;location&quot; : &quot;file:///tmp/tmpzkh4tjc4/record-output-ab5c3c76-aa40-45f8-b884-2fc1c5b3f200/foo&quot;,
      &quot;path&quot; : &quot;/tmp/tmpzkh4tjc4/record-output-ab5c3c76-aa40-45f8-b884-2fc1c5b3f200/foo&quot;,
      &quot;basename&quot; : &quot;foo&quot;,
      &quot;dirname&quot; : &quot;/tmp/tmpzkh4tjc4/record-output-ab5c3c76-aa40-45f8-b884-2fc1c5b3f200&quot;,
      &quot;checksum&quot; : &quot;sha1$327fc7aedf4f6b69a42a7c8b808dc5a7aff61376&quot;,
      &quot;size&quot; : 1111,
      &quot;class&quot; : &quot;File&quot;
    },
    &quot;obar&quot; : {
      &quot;location&quot; : &quot;file:///tmp/tmpzkh4tjc4/record-output-ab5c3c76-aa40-45f8-b884-2fc1c5b3f200/bar&quot;,
      &quot;path&quot; : &quot;/tmp/tmpzkh4tjc4/record-output-ab5c3c76-aa40-45f8-b884-2fc1c5b3f200/bar&quot;,
      &quot;basename&quot; : &quot;bar&quot;,
      &quot;dirname&quot; : &quot;/tmp/tmpzkh4tjc4/record-output-ab5c3c76-aa40-45f8-b884-2fc1c5b3f200&quot;,
      &quot;checksum&quot; : &quot;sha1$aeb3d11bdf536511649129f4077d5cda6a324118&quot;,
      &quot;size&quot; : 12010,
      &quot;class&quot; : &quot;File&quot;
    }
  }
}
</system-out>
		</testcase>
		<testcase class="shell_command" name="Test support for reading cwl.output.json when running in a Docker container
and just 'path' is provided." time="15.892283">
			<failure message="Command '/cwlexec-0.1/cwlexec --outdir=/tmp/tmpdv93mleb --quiet v1.0/test-cwl-out.cwl v1.0/empty.json' returned non-zero exit status 127" type="failure">Command '/cwlexec-0.1/cwlexec --outdir=/tmp/tmpdv93mleb --quiet v1.0/test-cwl-out.cwl v1.0/empty.json' returned non-zero exit status 127</failure>
			<system-err>[09:22:31.966] ERROR - The bwait command failed to execute (exitCode=2, exitMsg=done(179): Wait condition is never satisfied)
[09:22:31.968] ERROR - The job (test-cwl-out) exited.
</system-err>
		</testcase>
		<testcase class="shell_command" name="Test support for reading cwl.output.json when running in a Docker container
and just 'location' is provided." time="18.696372">
			<failure message="Command '/cwlexec-0.1/cwlexec --outdir=/tmp/tmp8scpfxfm --quiet v1.0/test-cwl-out2.cwl v1.0/empty.json' returned non-zero exit status 127" type="failure">Command '/cwlexec-0.1/cwlexec --outdir=/tmp/tmp8scpfxfm --quiet v1.0/test-cwl-out2.cwl v1.0/empty.json' returned non-zero exit status 127</failure>
			<system-err>[09:22:50.653] ERROR - The bwait command failed to execute (exitCode=2, exitMsg=done(180): Wait condition is never satisfied)
[09:22:50.655] ERROR - The job (test-cwl-out2) exited.
</system-err>
		</testcase>
		<testcase class="required" name="Test support for returning multiple glob patterns from expression" time="14.264250">
			<system-out>{
  &quot;files&quot; : [ {
    &quot;location&quot; : &quot;file:///tmp/tmp58jghtua/glob-expr-list-1ef3bf0b-0146-44a9-a95a-23882c7d5564/a&quot;,
    &quot;path&quot; : &quot;/tmp/tmp58jghtua/glob-expr-list-1ef3bf0b-0146-44a9-a95a-23882c7d5564/a&quot;,
    &quot;basename&quot; : &quot;a&quot;,
    &quot;dirname&quot; : &quot;/tmp/tmp58jghtua/glob-expr-list-1ef3bf0b-0146-44a9-a95a-23882c7d5564&quot;,
    &quot;checksum&quot; : &quot;sha1$da39a3ee5e6b4b0d3255bfef95601890afd80709&quot;,
    &quot;size&quot; : 0,
    &quot;class&quot; : &quot;File&quot;
  }, {
    &quot;location&quot; : &quot;file:///tmp/tmp58jghtua/glob-expr-list-1ef3bf0b-0146-44a9-a95a-23882c7d5564/b&quot;,
    &quot;path&quot; : &quot;/tmp/tmp58jghtua/glob-expr-list-1ef3bf0b-0146-44a9-a95a-23882c7d5564/b&quot;,
    &quot;basename&quot; : &quot;b&quot;,
    &quot;dirname&quot; : &quot;/tmp/tmp58jghtua/glob-expr-list-1ef3bf0b-0146-44a9-a95a-23882c7d5564&quot;,
    &quot;checksum&quot; : &quot;sha1$da39a3ee5e6b4b0d3255bfef95601890afd80709&quot;,
    &quot;size&quot; : 0,
    &quot;class&quot; : &quot;File&quot;
  }, {
    &quot;location&quot; : &quot;file:///tmp/tmp58jghtua/glob-expr-list-1ef3bf0b-0146-44a9-a95a-23882c7d5564/c&quot;,
    &quot;path&quot; : &quot;/tmp/tmp58jghtua/glob-expr-list-1ef3bf0b-0146-44a9-a95a-23882c7d5564/c&quot;,
    &quot;basename&quot; : &quot;c&quot;,
    &quot;dirname&quot; : &quot;/tmp/tmp58jghtua/glob-expr-list-1ef3bf0b-0146-44a9-a95a-23882c7d5564&quot;,
    &quot;checksum&quot; : &quot;sha1$da39a3ee5e6b4b0d3255bfef95601890afd80709&quot;,
    &quot;size&quot; : 0,
    &quot;class&quot; : &quot;File&quot;
  } ]
}
</system-out>
		</testcase>
		<testcase class="scatter, step_input" name="Test workflow scatter with single scatter parameter and valueFrom on step input" time="19.727215">
			<system-out>{
  &quot;out&quot; : [ &quot;foo one one&quot;, &quot;foo one two&quot;, &quot;foo one three&quot;, &quot;foo one four&quot; ]
}
</system-out>
		</testcase>
		<testcase class="scatter, step_input" name="Test workflow scatter with two scatter parameters and nested_crossproduct join method and valueFrom on step input" time="24.395757">
			<system-out>{
  &quot;out&quot; : [ [ &quot;foo one one three&quot;, &quot;foo one one four&quot; ], [ &quot;foo one two three&quot;, &quot;foo one two four&quot; ] ]
}
</system-out>
		</testcase>
		<testcase class="scatter, step_input" name="Test workflow scatter with two scatter parameters and flat_crossproduct join method and valueFrom on step input" time="24.495898">
			<system-out>{
  &quot;out&quot; : [ &quot;foo one one three&quot;, &quot;foo one one four&quot;, &quot;foo one two three&quot;, &quot;foo one two four&quot; ]
}
</system-out>
		</testcase>
		<testcase class="scatter, step_input" name="Test workflow scatter with two scatter parameters and dotproduct join method and valueFrom on step input" time="15.023692">
			<system-out>{
  &quot;out&quot; : [ &quot;foo one one three&quot;, &quot;foo one two four&quot; ]
}
</system-out>
		</testcase>
		<testcase class="scatter, step_input" name="Test workflow scatter with single scatter parameter and valueFrom on step input" time="18.255191">
			<system-out>{
  &quot;out&quot; : [ &quot;foo one one&quot;, &quot;foo two two&quot;, &quot;foo three three&quot;, &quot;foo four four&quot; ]
}
</system-out>
		</testcase>
		<testcase class="scatter, step_input" name="Test valueFrom eval on scattered input parameter" time="15.958280">
			<system-out>{
  &quot;out_message&quot; : [ {
    &quot;location&quot; : &quot;file:///tmp/tmpfrlyjxk_/scatter-valuefrom-wf6-1168d705-f54f-4f35-8b9e-59eef8ea4d7c/random_stdout_f287742bb_1&quot;,
    &quot;path&quot; : &quot;/tmp/tmpfrlyjxk_/scatter-valuefrom-wf6-1168d705-f54f-4f35-8b9e-59eef8ea4d7c/random_stdout_f287742bb_1&quot;,
    &quot;basename&quot; : &quot;random_stdout_f287742bb_1&quot;,
    &quot;dirname&quot; : &quot;/tmp/tmpfrlyjxk_/scatter-valuefrom-wf6-1168d705-f54f-4f35-8b9e-59eef8ea4d7c&quot;,
    &quot;checksum&quot; : &quot;sha1$98030575f6fc40e5021be5a8803a6bef94aee11f&quot;,
    &quot;size&quot; : 16,
    &quot;class&quot; : &quot;File&quot;
  }, {
    &quot;location&quot; : &quot;file:///tmp/tmpfrlyjxk_/scatter-valuefrom-wf6-1168d705-f54f-4f35-8b9e-59eef8ea4d7c/random_stdout_f287742bb_2&quot;,
    &quot;path&quot; : &quot;/tmp/tmpfrlyjxk_/scatter-valuefrom-wf6-1168d705-f54f-4f35-8b9e-59eef8ea4d7c/random_stdout_f287742bb_2&quot;,
    &quot;basename&quot; : &quot;random_stdout_f287742bb_2&quot;,
    &quot;dirname&quot; : &quot;/tmp/tmpfrlyjxk_/scatter-valuefrom-wf6-1168d705-f54f-4f35-8b9e-59eef8ea4d7c&quot;,
    &quot;checksum&quot; : &quot;sha1$edcacd50778d98ae113015406b3195c165059dd8&quot;,
    &quot;size&quot; : 16,
    &quot;class&quot; : &quot;File&quot;
  } ]
}
</system-out>
		</testcase>
		<testcase class="required" name="Test workflow two input files with same name." time="15.032033">
			<system-out>{
  &quot;fileout&quot; : {
    &quot;location&quot; : &quot;file:///tmp/tmp0va5dohl/conflict-wf-0a67753f-487e-4fe7-8293-1ece78c3c029/out.txt&quot;,
    &quot;path&quot; : &quot;/tmp/tmp0va5dohl/conflict-wf-0a67753f-487e-4fe7-8293-1ece78c3c029/out.txt&quot;,
    &quot;basename&quot; : &quot;out.txt&quot;,
    &quot;dirname&quot; : &quot;/tmp/tmp0va5dohl/conflict-wf-0a67753f-487e-4fe7-8293-1ece78c3c029&quot;,
    &quot;nameroot&quot; : &quot;out&quot;,
    &quot;nameext&quot; : &quot;.txt&quot;,
    &quot;checksum&quot; : &quot;sha1$a2d8d6e7b28295dc9977dc3bdb652ddd480995f0&quot;,
    &quot;size&quot; : 25,
    &quot;class&quot; : &quot;File&quot;
  }
}
</system-out>
		</testcase>
		<testcase class="shell_command" name="Test directory input with parameter reference" time="13.466081">
			<system-out>{
  &quot;outlist&quot; : {
    &quot;location&quot; : &quot;file:///tmp/tmperm8bo6d/dir-8efc3c6a-6e26-447f-ae55-d838d7b21811/output.txt&quot;,
    &quot;path&quot; : &quot;/tmp/tmperm8bo6d/dir-8efc3c6a-6e26-447f-ae55-d838d7b21811/output.txt&quot;,
    &quot;basename&quot; : &quot;output.txt&quot;,
    &quot;dirname&quot; : &quot;/tmp/tmperm8bo6d/dir-8efc3c6a-6e26-447f-ae55-d838d7b21811&quot;,
    &quot;nameroot&quot; : &quot;output&quot;,
    &quot;nameext&quot; : &quot;.txt&quot;,
    &quot;checksum&quot; : &quot;sha1$13cda8661796ae241da3a18668fb552161a72592&quot;,
    &quot;size&quot; : 20,
    &quot;class&quot; : &quot;File&quot;
  }
}
</system-out>
		</testcase>
		<testcase class="required" name="Test directory input in Docker" time="15.717875">
			<failure message="Command '/cwlexec-0.1/cwlexec --outdir=/tmp/tmp1ctvqy6u --quiet v1.0/dir2.cwl v1.0/dir-job.yml' returned non-zero exit status 127" type="failure">Command '/cwlexec-0.1/cwlexec --outdir=/tmp/tmp1ctvqy6u --quiet v1.0/dir2.cwl v1.0/dir-job.yml' returned non-zero exit status 127</failure>
			<system-err>[09:25:46.983] ERROR - The bwait command failed to execute (exitCode=2, exitMsg=done(212): Wait condition is never satisfied)
[09:25:46.985] ERROR - The job (dir2) exited.
</system-err>
		</testcase>
		<testcase class="required" name="Test directory output" time="10.348902">
			<system-out>{
  &quot;outdir&quot; : {
    &quot;location&quot; : &quot;file:///tmp/tmpi9udfwp_/dir3-8bd1f0b5-a8b5-4e3f-a9de-14d41c72541a/.&quot;,
    &quot;path&quot; : &quot;/tmp/tmpi9udfwp_/dir3-8bd1f0b5-a8b5-4e3f-a9de-14d41c72541a/.&quot;,
    &quot;basename&quot; : &quot;.&quot;,
    &quot;listing&quot; : [ {
      &quot;location&quot; : &quot;file:///tmp/tmpi9udfwp_/dir3-8bd1f0b5-a8b5-4e3f-a9de-14d41c72541a/./hello.tar&quot;,
      &quot;path&quot; : &quot;/tmp/tmpi9udfwp_/dir3-8bd1f0b5-a8b5-4e3f-a9de-14d41c72541a/./hello.tar&quot;,
      &quot;basename&quot; : &quot;hello.tar&quot;,
      &quot;dirname&quot; : &quot;/tmp/tmpi9udfwp_/dir3-8bd1f0b5-a8b5-4e3f-a9de-14d41c72541a/.&quot;,
      &quot;nameroot&quot; : &quot;hello&quot;,
      &quot;nameext&quot; : &quot;.tar&quot;,
      &quot;checksum&quot; : &quot;sha1$bf757d2cf23320f3321761286c0d0deea446acf2&quot;,
      &quot;size&quot; : 10240,
      &quot;class&quot; : &quot;File&quot;
    }, {
      &quot;location&quot; : &quot;file:///tmp/tmpi9udfwp_/dir3-8bd1f0b5-a8b5-4e3f-a9de-14d41c72541a/./goodbye.txt&quot;,
      &quot;path&quot; : &quot;/tmp/tmpi9udfwp_/dir3-8bd1f0b5-a8b5-4e3f-a9de-14d41c72541a/./goodbye.txt&quot;,
      &quot;basename&quot; : &quot;goodbye.txt&quot;,
      &quot;dirname&quot; : &quot;/tmp/tmpi9udfwp_/dir3-8bd1f0b5-a8b5-4e3f-a9de-14d41c72541a/.&quot;,
      &quot;nameroot&quot; : &quot;goodbye&quot;,
      &quot;nameext&quot; : &quot;.txt&quot;,
      &quot;checksum&quot; : &quot;sha1$dd0a4c4c49ba43004d6611771972b6cf969c1c01&quot;,
      &quot;size&quot; : 24,
      &quot;class&quot; : &quot;File&quot;
    }, {
      &quot;location&quot; : &quot;file:///tmp/tmpi9udfwp_/dir3-8bd1f0b5-a8b5-4e3f-a9de-14d41c72541a/./213_out&quot;,
      &quot;path&quot; : &quot;/tmp/tmpi9udfwp_/dir3-8bd1f0b5-a8b5-4e3f-a9de-14d41c72541a/./213_out&quot;,
      &quot;basename&quot; : &quot;213_out&quot;,
      &quot;dirname&quot; : &quot;/tmp/tmpi9udfwp_/dir3-8bd1f0b5-a8b5-4e3f-a9de-14d41c72541a/.&quot;,
      &quot;checksum&quot; : &quot;sha1$b6f34ac1a82119bf0af9f9ad558315656967ddf4&quot;,
      &quot;size&quot; : 1717,
      &quot;class&quot; : &quot;File&quot;
    }, {
      &quot;location&quot; : &quot;file:///tmp/tmpi9udfwp_/dir3-8bd1f0b5-a8b5-4e3f-a9de-14d41c72541a/./213_err&quot;,
      &quot;path&quot; : &quot;/tmp/tmpi9udfwp_/dir3-8bd1f0b5-a8b5-4e3f-a9de-14d41c72541a/./213_err&quot;,
      &quot;basename&quot; : &quot;213_err&quot;,
      &quot;dirname&quot; : &quot;/tmp/tmpi9udfwp_/dir3-8bd1f0b5-a8b5-4e3f-a9de-14d41c72541a/.&quot;,
      &quot;checksum&quot; : &quot;sha1$da39a3ee5e6b4b0d3255bfef95601890afd80709&quot;,
      &quot;size&quot; : 0,
      &quot;class&quot; : &quot;File&quot;
    }, {
      &quot;location&quot; : &quot;file:///tmp/tmpi9udfwp_/dir3-8bd1f0b5-a8b5-4e3f-a9de-14d41c72541a/./hello.txt&quot;,
      &quot;path&quot; : &quot;/tmp/tmpi9udfwp_/dir3-8bd1f0b5-a8b5-4e3f-a9de-14d41c72541a/./hello.txt&quot;,
      &quot;basename&quot; : &quot;hello.txt&quot;,
      &quot;dirname&quot; : &quot;/tmp/tmpi9udfwp_/dir3-8bd1f0b5-a8b5-4e3f-a9de-14d41c72541a/.&quot;,
      &quot;nameroot&quot; : &quot;hello&quot;,
      &quot;nameext&quot; : &quot;.txt&quot;,
      &quot;checksum&quot; : &quot;sha1$47a013e660d408619d894b20806b1d5086aab03b&quot;,
      &quot;size&quot; : 13,
      &quot;class&quot; : &quot;File&quot;
    } ],
    &quot;class&quot; : &quot;Directory&quot;
  }
}
</system-out>
		</testcase>
		<testcase class="shell_command" name="Test directories in secondaryFiles" time="8.927688">
			<system-out>{
  &quot;outlist&quot; : {
    &quot;location&quot; : &quot;file:///tmp/tmp_zyv38il/dir4-ef4d6658-c604-4d62-ac9e-ebdb8edcd609/output.txt&quot;,
    &quot;path&quot; : &quot;/tmp/tmp_zyv38il/dir4-ef4d6658-c604-4d62-ac9e-ebdb8edcd609/output.txt&quot;,
    &quot;basename&quot; : &quot;output.txt&quot;,
    &quot;dirname&quot; : &quot;/tmp/tmp_zyv38il/dir4-ef4d6658-c604-4d62-ac9e-ebdb8edcd609&quot;,
    &quot;nameroot&quot; : &quot;output&quot;,
    &quot;nameext&quot; : &quot;.txt&quot;,
    &quot;checksum&quot; : &quot;sha1$13cda8661796ae241da3a18668fb552161a72592&quot;,
    &quot;size&quot; : 20,
    &quot;class&quot; : &quot;File&quot;
  }
}
</system-out>
		</testcase>
		<testcase class="shell_command, initial_work_dir" name="Test dynamic initial work dir" time="14.020276">
			<system-out>{
  &quot;outlist&quot; : {
    &quot;location&quot; : &quot;file:///tmp/tmp84df4web/dir5-1e247ec2-beee-4953-a945-02adc27c60aa/output.txt&quot;,
    &quot;path&quot; : &quot;/tmp/tmp84df4web/dir5-1e247ec2-beee-4953-a945-02adc27c60aa/output.txt&quot;,
    &quot;basename&quot; : &quot;output.txt&quot;,
    &quot;dirname&quot; : &quot;/tmp/tmp84df4web/dir5-1e247ec2-beee-4953-a945-02adc27c60aa&quot;,
    &quot;nameroot&quot; : &quot;output&quot;,
    &quot;nameext&quot; : &quot;.txt&quot;,
    &quot;checksum&quot; : &quot;sha1$13cda8661796ae241da3a18668fb552161a72592&quot;,
    &quot;size&quot; : 20,
    &quot;class&quot; : &quot;File&quot;
  }
}
</system-out>
		</testcase>
		<testcase class="initial_work_dir" name="Test writable staged files." time="13.826510">
			<failure message="Command '/cwlexec-0.1/cwlexec --outdir=/tmp/tmp278j16wt --quiet v1.0/stagefile.cwl v1.0/stagefile-job.yml' returned non-zero exit status 127" type="failure">Command '/cwlexec-0.1/cwlexec --outdir=/tmp/tmp278j16wt --quiet v1.0/stagefile.cwl v1.0/stagefile-job.yml' returned non-zero exit status 127</failure>
			<system-err>[09:26:34.099] ERROR - The bwait command failed to execute (exitCode=2, exitMsg=done(216): Wait condition is never satisfied)
[09:26:34.102] ERROR - The job (stagefile) exited.
</system-err>
		</testcase>
		<testcase class="required" name="Test file literal as input" time="4.245002">
			<failure message="Command '/cwlexec-0.1/cwlexec --outdir=/tmp/tmpl8y4lu8s --quiet v1.0/cat3-tool.cwl v1.0/file-literal.yml' returned non-zero exit status 255" type="failure">Command '/cwlexec-0.1/cwlexec --outdir=/tmp/tmpl8y4lu8s --quiet v1.0/cat3-tool.cwl v1.0/file-literal.yml' returned non-zero exit status 255</failure>
			<system-err>Failed to write file &quot;/common-workflow-language-master/v1.0/v1.0/file1-824ae0814&quot;: /common-workflow-language-master/v1.0/v1.0/file1-824ae0814 (Permission denied)
</system-err>
		</testcase>
		<testcase class="inline_javascript, initial_work_dir" name="Test expression in InitialWorkDir listing" time="27.889329">
			<failure message="Command '/cwlexec-0.1/cwlexec --outdir=/tmp/tmp88wimq6p --quiet v1.0/linkfile.cwl v1.0/arguments-job.yml' returned non-zero exit status 127" type="failure">Command '/cwlexec-0.1/cwlexec --outdir=/tmp/tmp88wimq6p --quiet v1.0/linkfile.cwl v1.0/arguments-job.yml' returned non-zero exit status 127</failure>
			<system-err>[09:27:06.269] ERROR - The bwait command failed to execute (exitCode=2, exitMsg=done(217): Wait condition is never satisfied)
[09:27:06.271] ERROR - The job (linkfile) exited.
</system-err>
		</testcase>
		<testcase class="required" name="Test nameroot/nameext expression in arguments, stdout" time="10.026493">
			<system-out>{
  &quot;b&quot; : {
    &quot;location&quot; : &quot;file:///tmp/tmp95mi56ob/nameroot-4a7a463e-4a33-47da-aa40-8875b5143f1f/whale.xtx&quot;,
    &quot;path&quot; : &quot;/tmp/tmp95mi56ob/nameroot-4a7a463e-4a33-47da-aa40-8875b5143f1f/whale.xtx&quot;,
    &quot;basename&quot; : &quot;whale.xtx&quot;,
    &quot;dirname&quot; : &quot;/tmp/tmp95mi56ob/nameroot-4a7a463e-4a33-47da-aa40-8875b5143f1f&quot;,
    &quot;nameroot&quot; : &quot;whale&quot;,
    &quot;nameext&quot; : &quot;.xtx&quot;,
    &quot;checksum&quot; : &quot;sha1$c4cfd130e7578714e3eef91c1d6d90e0e0b9db3e&quot;,
    &quot;size&quot; : 21,
    &quot;class&quot; : &quot;File&quot;
  }
}
</system-out>
		</testcase>
		<testcase class="shell_command" name="Test directory input with inputBinding" time="14.284155">
			<system-out>{
  &quot;outlist&quot; : {
    &quot;location&quot; : &quot;file:///tmp/tmpy12w9vqt/dir6-d69782b5-ba7b-4c52-affc-863642a25ea0/output.txt&quot;,
    &quot;path&quot; : &quot;/tmp/tmpy12w9vqt/dir6-d69782b5-ba7b-4c52-affc-863642a25ea0/output.txt&quot;,
    &quot;basename&quot; : &quot;output.txt&quot;,
    &quot;dirname&quot; : &quot;/tmp/tmpy12w9vqt/dir6-d69782b5-ba7b-4c52-affc-863642a25ea0&quot;,
    &quot;nameroot&quot; : &quot;output&quot;,
    &quot;nameext&quot; : &quot;.txt&quot;,
    &quot;checksum&quot; : &quot;sha1$13cda8661796ae241da3a18668fb552161a72592&quot;,
    &quot;size&quot; : 20,
    &quot;class&quot; : &quot;File&quot;
  }
}
</system-out>
		</testcase>
		<testcase class="required" name="Test command line generation of array-of-arrays" time="8.323063">
			<system-out>{
  &quot;echo&quot; : {
    &quot;location&quot; : &quot;file:///tmp/tmpc31ah8h2/nested-array-d40af795-6798-429e-8aa4-c0a6958a817f/echo.txt&quot;,
    &quot;path&quot; : &quot;/tmp/tmpc31ah8h2/nested-array-d40af795-6798-429e-8aa4-c0a6958a817f/echo.txt&quot;,
    &quot;basename&quot; : &quot;echo.txt&quot;,
    &quot;dirname&quot; : &quot;/tmp/tmpc31ah8h2/nested-array-d40af795-6798-429e-8aa4-c0a6958a817f&quot;,
    &quot;nameroot&quot; : &quot;echo&quot;,
    &quot;nameext&quot; : &quot;.txt&quot;,
    &quot;checksum&quot; : &quot;sha1$3f786850e387550fdab836ed7e6dc881de23001b&quot;,
    &quot;size&quot; : 2,
    &quot;class&quot; : &quot;File&quot;
  }
}
</system-out>
		</testcase>
		<testcase class="shell_command" name="Test $HOME and $TMPDIR are set correctly" time="11.323411">
			<failure message="Command '/cwlexec-0.1/cwlexec --outdir=/tmp/tmp9bdj5icd --quiet v1.0/envvar.cwl v1.0/empty.json' returned non-zero exit status 1" type="failure">Command '/cwlexec-0.1/cwlexec --outdir=/tmp/tmp9bdj5icd --quiet v1.0/envvar.cwl v1.0/empty.json' returned non-zero exit status 1</failure>
			<system-err>[09:27:49.775] ERROR - The bwait command failed to execute (exitCode=2, exitMsg=done(221): Wait condition is never satisfied)
[09:27:49.778] ERROR - The job (envvar) exited.
</system-err>
		</testcase>
		<testcase class="shell_command" name="Test $HOME and $TMPDIR are set correctly in Docker" time="16.258720">
			<failure message="Command '/cwlexec-0.1/cwlexec --outdir=/tmp/tmp_zoewzf0 --quiet v1.0/envvar2.cwl v1.0/empty.json' returned non-zero exit status 127" type="failure">Command '/cwlexec-0.1/cwlexec --outdir=/tmp/tmp_zoewzf0 --quiet v1.0/envvar2.cwl v1.0/empty.json' returned non-zero exit status 127</failure>
			<system-err>[09:28:06.039] ERROR - The bwait command failed to execute (exitCode=2, exitMsg=done(222): Wait condition is never satisfied)
[09:28:06.041] ERROR - The job (envvar2) exited.
</system-err>
		</testcase>
		<testcase class="inline_javascript" name="Test that expressionLib requirement of individual tool step overrides expressionLib of workflow." time="11.301887">
			<system-out>{
  &quot;out&quot; : {
    &quot;location&quot; : &quot;file:///tmp/tmpcc7r0rhy/js-expr-req-wf-981e25d0-6522-4171-8f58-51c1e8a0fd34/whatever.txt&quot;,
    &quot;path&quot; : &quot;/tmp/tmpcc7r0rhy/js-expr-req-wf-981e25d0-6522-4171-8f58-51c1e8a0fd34/whatever.txt&quot;,
    &quot;basename&quot; : &quot;whatever.txt&quot;,
    &quot;dirname&quot; : &quot;/tmp/tmpcc7r0rhy/js-expr-req-wf-981e25d0-6522-4171-8f58-51c1e8a0fd34&quot;,
    &quot;nameroot&quot; : &quot;whatever&quot;,
    &quot;nameext&quot; : &quot;.txt&quot;,
    &quot;checksum&quot; : &quot;sha1$7448d8798a4380162d4b56f9b452e2f6f9e24e7a&quot;,
    &quot;size&quot; : 2,
    &quot;class&quot; : &quot;File&quot;
  }
}
</system-out>
		</testcase>
		<testcase class="docker, initial_work_dir" name="Test output of InitialWorkDir" time="12.355700">
			<failure message="Command '/cwlexec-0.1/cwlexec --outdir=/tmp/tmp1otw71pr --quiet v1.0/initialworkdirrequirement-docker-out.cwl v1.0/initialworkdirrequirement-docker-out-job.json' returned non-zero exit status 127" type="failure">Command '/cwlexec-0.1/cwlexec --outdir=/tmp/tmp1otw71pr --quiet v1.0/initialworkdirrequirement-docker-out.cwl v1.0/initialworkdirrequirement-docker-out-job.json' returned non-zero exit status 127</failure>
			<system-err>[09:28:29.795] ERROR - The bwait command failed to execute (exitCode=2, exitMsg=done(224): Wait condition is never satisfied)
[09:28:29.801] ERROR - The job (initialworkdirrequirement-docker-out) exited.
</system-err>
		</testcase>
		<testcase class="subworkflow" name="Test embedded subworkflow" time="4.167128">
			<skipped message="Unsupported" type="skipped"/>
			<system-err>The field [class] with &quot;ExpressionTool&quot; is not supported.
</system-err>
		</testcase>
		<testcase class="docker, inline_javascript, shell_command" name="Test secondaryFiles on array of files." time="15.811327">
			<failure message="Command '/cwlexec-0.1/cwlexec --outdir=/tmp/tmp1ryd55rx --quiet v1.0/docker-array-secondaryfiles.cwl v1.0/docker-array-secondaryfiles-job.json' returned non-zero exit status 127" type="failure">Command '/cwlexec-0.1/cwlexec --outdir=/tmp/tmp1ryd55rx --quiet v1.0/docker-array-secondaryfiles.cwl v1.0/docker-array-secondaryfiles-job.json' returned non-zero exit status 127</failure>
			<system-err>[09:28:50.102] ERROR - The bwait command failed to execute (exitCode=2, exitMsg=done(225): Wait condition is never satisfied)
[09:28:50.104] ERROR - The job (docker-array-secondaryfiles) exited.
</system-err>
		</testcase>
		<testcase class="inline_javascript" name="Test directory literal output created by ExpressionTool" time="4.004578">
			<skipped message="Unsupported" type="skipped"/>
			<system-err>The field [class] with &quot;ExpressionTool&quot; is not supported.
</system-err>
		</testcase>
		<testcase class="inline_javascript" name="Test file literal output created by ExpressionTool" time="4.066482">
			<skipped message="Unsupported" type="skipped"/>
			<system-err>The field [class] with &quot;ExpressionTool&quot; is not supported.
</system-err>
		</testcase>
		<testcase class="docker" name="Test dockerOutputDirectory" time="12.769122">
			<failure message="Command '/cwlexec-0.1/cwlexec --outdir=/tmp/tmpwotkvwsb --quiet v1.0/docker-output-dir.cwl v1.0/empty.json' returned non-zero exit status 127" type="failure">Command '/cwlexec-0.1/cwlexec --outdir=/tmp/tmpwotkvwsb --quiet v1.0/docker-output-dir.cwl v1.0/empty.json' returned non-zero exit status 127</failure>
			<system-err>[09:29:11.000] ERROR - The bwait command failed to execute (exitCode=2, exitMsg=done(226): Wait condition is never satisfied)
[09:29:11.003] ERROR - The job (docker-output-dir) exited.
</system-err>
		</testcase>
		<testcase class="required" name="Test hints with $import" time="8.250378">
			<system-out>{
  &quot;out&quot; : {
    &quot;location&quot; : &quot;file:///tmp/tmpiko0ikrk/imported-hint-1e393627-94bb-4b0c-b1af-b8c7c3ee009e/out&quot;,
    &quot;path&quot; : &quot;/tmp/tmpiko0ikrk/imported-hint-1e393627-94bb-4b0c-b1af-b8c7c3ee009e/out&quot;,
    &quot;basename&quot; : &quot;out&quot;,
    &quot;dirname&quot; : &quot;/tmp/tmpiko0ikrk/imported-hint-1e393627-94bb-4b0c-b1af-b8c7c3ee009e&quot;,
    &quot;checksum&quot; : &quot;sha1$b3ec4ed1749c207e52b3a6d08c59f31d83bff519&quot;,
    &quot;size&quot; : 15,
    &quot;class&quot; : &quot;File&quot;
  }
}
</system-out>
		</testcase>
		<testcase class="required" name="Test warning instead of error when default path is not found" time="9.953968">
			<system-out>{ }
</system-out>
		</testcase>
		<testcase class="inline_javascript" name="Test InlineJavascriptRequirement with multiple expressions in the same tool" time="5.598820">
			<failure message="Command '/cwlexec-0.1/cwlexec --outdir=/tmp/tmpwf5aw49t --quiet v1.0/inline-js.cwl v1.0/empty.json' returned non-zero exit status 255" type="failure">Command '/cwlexec-0.1/cwlexec --outdir=/tmp/tmpwf5aw49t --quiet v1.0/inline-js.cwl v1.0/empty.json' returned non-zero exit status 255</failure>
		</testcase>
		<testcase class="inline_javascript, initial_work_dir, shell_command" name="Test if a writable input directory is recursivly copied and writable" time="9.310227">
			<system-out>{
  &quot;test_result&quot; : {
    &quot;location&quot; : &quot;file:///tmp/tmp5g65ykgq/recursive-input-directory-cb1226f5-0bb3-45da-bd20-67813915137a/output.txt&quot;,
    &quot;path&quot; : &quot;/tmp/tmp5g65ykgq/recursive-input-directory-cb1226f5-0bb3-45da-bd20-67813915137a/output.txt&quot;,
    &quot;basename&quot; : &quot;output.txt&quot;,
    &quot;dirname&quot; : &quot;/tmp/tmp5g65ykgq/recursive-input-directory-cb1226f5-0bb3-45da-bd20-67813915137a&quot;,
    &quot;nameroot&quot; : &quot;output&quot;,
    &quot;nameext&quot; : &quot;.txt&quot;,
    &quot;checksum&quot; : &quot;sha1$da39a3ee5e6b4b0d3255bfef95601890afd80709&quot;,
    &quot;size&quot; : 0,
    &quot;class&quot; : &quot;File&quot;
  },
  &quot;output_dir&quot; : {
    &quot;location&quot; : &quot;file:///tmp/tmp5g65ykgq/recursive-input-directory-cb1226f5-0bb3-45da-bd20-67813915137a/work_dir&quot;,
    &quot;path&quot; : &quot;/tmp/tmp5g65ykgq/recursive-input-directory-cb1226f5-0bb3-45da-bd20-67813915137a/work_dir&quot;,
    &quot;basename&quot; : &quot;work_dir&quot;,
    &quot;listing&quot; : [ {
      &quot;location&quot; : &quot;file:///tmp/tmp5g65ykgq/recursive-input-directory-cb1226f5-0bb3-45da-bd20-67813915137a/work_dir/e&quot;,
      &quot;path&quot; : &quot;/tmp/tmp5g65ykgq/recursive-input-directory-cb1226f5-0bb3-45da-bd20-67813915137a/work_dir/e&quot;,
      &quot;basename&quot; : &quot;e&quot;,
      &quot;dirname&quot; : &quot;/tmp/tmp5g65ykgq/recursive-input-directory-cb1226f5-0bb3-45da-bd20-67813915137a/work_dir&quot;,
      &quot;checksum&quot; : &quot;sha1$da39a3ee5e6b4b0d3255bfef95601890afd80709&quot;,
      &quot;size&quot; : 0,
      &quot;class&quot; : &quot;File&quot;
    }, {
      &quot;location&quot; : &quot;file:///tmp/tmp5g65ykgq/recursive-input-directory-cb1226f5-0bb3-45da-bd20-67813915137a/work_dir/b&quot;,
      &quot;path&quot; : &quot;/tmp/tmp5g65ykgq/recursive-input-directory-cb1226f5-0bb3-45da-bd20-67813915137a/work_dir/b&quot;,
      &quot;basename&quot; : &quot;b&quot;,
      &quot;dirname&quot; : &quot;/tmp/tmp5g65ykgq/recursive-input-directory-cb1226f5-0bb3-45da-bd20-67813915137a/work_dir&quot;,
      &quot;checksum&quot; : &quot;sha1$da39a3ee5e6b4b0d3255bfef95601890afd80709&quot;,
      &quot;size&quot; : 0,
      &quot;class&quot; : &quot;File&quot;
    }, {
      &quot;location&quot; : &quot;file:///tmp/tmp5g65ykgq/recursive-input-directory-cb1226f5-0bb3-45da-bd20-67813915137a/work_dir/c&quot;,
      &quot;path&quot; : &quot;/tmp/tmp5g65ykgq/recursive-input-directory-cb1226f5-0bb3-45da-bd20-67813915137a/work_dir/c&quot;,
      &quot;basename&quot; : &quot;c&quot;,
      &quot;listing&quot; : [ {
        &quot;location&quot; : &quot;file:///tmp/tmp5g65ykgq/recursive-input-directory-cb1226f5-0bb3-45da-bd20-67813915137a/work_dir/c/d&quot;,
        &quot;path&quot; : &quot;/tmp/tmp5g65ykgq/recursive-input-directory-cb1226f5-0bb3-45da-bd20-67813915137a/work_dir/c/d&quot;,
        &quot;basename&quot; : &quot;d&quot;,
        &quot;dirname&quot; : &quot;/tmp/tmp5g65ykgq/recursive-input-directory-cb1226f5-0bb3-45da-bd20-67813915137a/work_dir/c&quot;,
        &quot;checksum&quot; : &quot;sha1$da39a3ee5e6b4b0d3255bfef95601890afd80709&quot;,
        &quot;size&quot; : 0,
        &quot;class&quot; : &quot;File&quot;
      } ],
      &quot;class&quot; : &quot;Directory&quot;
    }, {
      &quot;location&quot; : &quot;file:///tmp/tmp5g65ykgq/recursive-input-directory-cb1226f5-0bb3-45da-bd20-67813915137a/work_dir/a&quot;,
      &quot;path&quot; : &quot;/tmp/tmp5g65ykgq/recursive-input-directory-cb1226f5-0bb3-45da-bd20-67813915137a/work_dir/a&quot;,
      &quot;basename&quot; : &quot;a&quot;,
      &quot;dirname&quot; : &quot;/tmp/tmp5g65ykgq/recursive-input-directory-cb1226f5-0bb3-45da-bd20-67813915137a/work_dir&quot;,
      &quot;checksum&quot; : &quot;sha1$da39a3ee5e6b4b0d3255bfef95601890afd80709&quot;,
      &quot;size&quot; : 0,
      &quot;class&quot; : &quot;File&quot;
    } ],
    &quot;class&quot; : &quot;Directory&quot;
  }
}
</system-out>
		</testcase>
		<testcase class="inline_javascript" name="Test that missing parameters are null (not undefined) in expression" time="9.080914">
			<system-out>{
  &quot;out&quot; : &quot;t\n&quot;
}
</system-out>
		</testcase>
		<testcase class="inline_javascript" name="Test that provided parameter is not null in expression" time="9.259619">
			<system-out>{
  &quot;out&quot; : &quot;f\n&quot;
}
</system-out>
		</testcase>
		<testcase class="required" name="Test compound workflow document" time="13.537331">
			<failure message="Command '/cwlexec-0.1/cwlexec --outdir=/tmp/tmpwerzwh94 --quiet v1.0/revsort-packed.cwl#main v1.0/revsort-job.json' returned non-zero exit status 127" type="failure">Command '/cwlexec-0.1/cwlexec --outdir=/tmp/tmpwerzwh94 --quiet v1.0/revsort-packed.cwl#main v1.0/revsort-job.json' returned non-zero exit status 127</failure>
			<system-err>[09:30:15.559] ERROR - The workflow (revsort-packed) exited with &lt;127&gt;.
[09:30:15.561] WARN  - killing waiting job (sorted) &lt;233&gt;.
</system-err>
		</testcase>
		<testcase class="step_input_expression" name="Test that nameroot and nameext are generated from basename at execution time by the runner" time="12.421850">
			<system-out>{
  &quot;extFile&quot; : {
    &quot;location&quot; : &quot;file:///tmp/tmpsjg3yn62/basename-fields-test-997e847b-2cc7-438e-8f69-a6bbb999761a/random_stdout_bcb22f109&quot;,
    &quot;path&quot; : &quot;/tmp/tmpsjg3yn62/basename-fields-test-997e847b-2cc7-438e-8f69-a6bbb999761a/random_stdout_bcb22f109&quot;,
    &quot;basename&quot; : &quot;random_stdout_bcb22f109&quot;,
    &quot;dirname&quot; : &quot;/tmp/tmpsjg3yn62/basename-fields-test-997e847b-2cc7-438e-8f69-a6bbb999761a&quot;,
    &quot;checksum&quot; : &quot;sha1$301a72c82a835e1737caf30f94d0eec210c4d9f1&quot;,
    &quot;size&quot; : 5,
    &quot;class&quot; : &quot;File&quot;
  },
  &quot;rootFile&quot; : {
    &quot;location&quot; : &quot;file:///tmp/tmpsjg3yn62/basename-fields-test-997e847b-2cc7-438e-8f69-a6bbb999761a/random_stdout_bcad15d78&quot;,
    &quot;path&quot; : &quot;/tmp/tmpsjg3yn62/basename-fields-test-997e847b-2cc7-438e-8f69-a6bbb999761a/random_stdout_bcad15d78&quot;,
    &quot;basename&quot; : &quot;random_stdout_bcad15d78&quot;,
    &quot;dirname&quot; : &quot;/tmp/tmpsjg3yn62/basename-fields-test-997e847b-2cc7-438e-8f69-a6bbb999761a&quot;,
    &quot;checksum&quot; : &quot;sha1$b4a583c391e234cf210e1d576f68f674c8ad7ecd&quot;,
    &quot;size&quot; : 10,
    &quot;class&quot; : &quot;File&quot;
  }
}
</system-out>
		</testcase>
		<testcase class="initial_work_dir" name="Test that file path in $(inputs) for initialworkdir is in $(outdir)." time="8.847931">
			<system-out>{ }
</system-out>
		</testcase>
		<testcase class="multiple_input, inline_javascript" name="Test single step workflow with Scatter step and two data links connected to
same input, flattened merge behavior. Workflow inputs are set as list" time="18.441467">
			<system-out>{
  &quot;count_output&quot; : 34
}
</system-out>
		</testcase>
		<testcase class="step_input, inline_javascript, multiple_input" name="Test step input with multiple sources with multiple types" time="4.058959">
			<skipped message="Unsupported" type="skipped"/>
			<system-err>The field [class] with &quot;ExpressionTool&quot; is not supported.
</system-err>
		</testcase>
		<testcase class="required" name="Test that shell directives are not interpreted." time="11.243571">
			<system-out>{
  &quot;stderr_file&quot; : {
    &quot;location&quot; : &quot;file:///tmp/tmp7dm3kaf3/shellchar-f68518a5-0643-4ae5-93d6-47542a2a4f03/random_stderr_5f217e7d3&quot;,
    &quot;path&quot; : &quot;/tmp/tmp7dm3kaf3/shellchar-f68518a5-0643-4ae5-93d6-47542a2a4f03/random_stderr_5f217e7d3&quot;,
    &quot;basename&quot; : &quot;random_stderr_5f217e7d3&quot;,
    &quot;dirname&quot; : &quot;/tmp/tmp7dm3kaf3/shellchar-f68518a5-0643-4ae5-93d6-47542a2a4f03&quot;,
    &quot;checksum&quot; : &quot;sha1$da39a3ee5e6b4b0d3255bfef95601890afd80709&quot;,
    &quot;size&quot; : 0,
    &quot;class&quot; : &quot;File&quot;
  },
  &quot;stdout_file&quot; : {
    &quot;location&quot; : &quot;file:///tmp/tmp7dm3kaf3/shellchar-f68518a5-0643-4ae5-93d6-47542a2a4f03/random_stdout_5f2141317&quot;,
    &quot;path&quot; : &quot;/tmp/tmp7dm3kaf3/shellchar-f68518a5-0643-4ae5-93d6-47542a2a4f03/random_stdout_5f2141317&quot;,
    &quot;basename&quot; : &quot;random_stdout_5f2141317&quot;,
    &quot;dirname&quot; : &quot;/tmp/tmp7dm3kaf3/shellchar-f68518a5-0643-4ae5-93d6-47542a2a4f03&quot;,
    &quot;checksum&quot; : &quot;sha1$1555252d52d4ec3262538a4426a83a99cfff4402&quot;,
    &quot;size&quot; : 9,
    &quot;class&quot; : &quot;File&quot;
  }
}
</system-out>
		</testcase>
		<testcase class="shell_command" name="Test that shell directives are quoted." time="10.312829">
			<system-out>{
  &quot;stderr_file&quot; : {
    &quot;location&quot; : &quot;file:///tmp/tmp05qcnx4t/shellchar2-8c4fb68c-8c2f-40ff-a5a9-4380c257f2dd/random_stderr_894d22cb9&quot;,
    &quot;path&quot; : &quot;/tmp/tmp05qcnx4t/shellchar2-8c4fb68c-8c2f-40ff-a5a9-4380c257f2dd/random_stderr_894d22cb9&quot;,
    &quot;basename&quot; : &quot;random_stderr_894d22cb9&quot;,
    &quot;dirname&quot; : &quot;/tmp/tmp05qcnx4t/shellchar2-8c4fb68c-8c2f-40ff-a5a9-4380c257f2dd&quot;,
    &quot;checksum&quot; : &quot;sha1$da39a3ee5e6b4b0d3255bfef95601890afd80709&quot;,
    &quot;size&quot; : 0,
    &quot;class&quot; : &quot;File&quot;
  },
  &quot;stdout_file&quot; : {
    &quot;location&quot; : &quot;file:///tmp/tmp05qcnx4t/shellchar2-8c4fb68c-8c2f-40ff-a5a9-4380c257f2dd/random_stdout_894cd7575&quot;,
    &quot;path&quot; : &quot;/tmp/tmp05qcnx4t/shellchar2-8c4fb68c-8c2f-40ff-a5a9-4380c257f2dd/random_stdout_894cd7575&quot;,
    &quot;basename&quot; : &quot;random_stdout_894cd7575&quot;,
    &quot;dirname&quot; : &quot;/tmp/tmp05qcnx4t/shellchar2-8c4fb68c-8c2f-40ff-a5a9-4380c257f2dd&quot;,
    &quot;checksum&quot; : &quot;sha1$1555252d52d4ec3262538a4426a83a99cfff4402&quot;,
    &quot;size&quot; : 9,
    &quot;class&quot; : &quot;File&quot;
  }
}
</system-out>
		</testcase>
		<testcase class="inline_javascript, initial_work_dir" name="Test empty writable dir with InitialWorkDirRequirement" time="9.346238">
			<system-out>{
  &quot;out&quot; : {
    &quot;location&quot; : &quot;file:///tmp/tmpkmr70dzo/writable-dir-501a6186-4e44-412e-9d65-cd03fdd845ea/emptyWritableDir&quot;,
    &quot;path&quot; : &quot;/tmp/tmpkmr70dzo/writable-dir-501a6186-4e44-412e-9d65-cd03fdd845ea/emptyWritableDir&quot;,
    &quot;basename&quot; : &quot;emptyWritableDir&quot;,
    &quot;listing&quot; : [ {
      &quot;location&quot; : &quot;file:///tmp/tmpkmr70dzo/writable-dir-501a6186-4e44-412e-9d65-cd03fdd845ea/emptyWritableDir/blurg&quot;,
      &quot;path&quot; : &quot;/tmp/tmpkmr70dzo/writable-dir-501a6186-4e44-412e-9d65-cd03fdd845ea/emptyWritableDir/blurg&quot;,
      &quot;basename&quot; : &quot;blurg&quot;,
      &quot;dirname&quot; : &quot;/tmp/tmpkmr70dzo/writable-dir-501a6186-4e44-412e-9d65-cd03fdd845ea/emptyWritableDir&quot;,
      &quot;checksum&quot; : &quot;sha1$da39a3ee5e6b4b0d3255bfef95601890afd80709&quot;,
      &quot;size&quot; : 0,
      &quot;class&quot; : &quot;File&quot;
    } ],
    &quot;class&quot; : &quot;Directory&quot;
  }
}
</system-out>
		</testcase>
		<testcase class="inline_javascript, initial_work_dir" name="Test empty writable dir with InitialWorkDirRequirement inside Docker" time="10.802974">
			<failure message="Command '/cwlexec-0.1/cwlexec --outdir=/tmp/tmp9vuwsr0s --quiet v1.0/writable-dir-docker.cwl v1.0/empty.json' returned non-zero exit status 127" type="failure">Command '/cwlexec-0.1/cwlexec --outdir=/tmp/tmp9vuwsr0s --quiet v1.0/writable-dir-docker.cwl v1.0/empty.json' returned non-zero exit status 127</failure>
			<system-err>[09:31:41.481] ERROR - The bwait command failed to execute (exitCode=2, exitMsg=done(241): Wait condition is never satisfied)
[09:31:41.484] ERROR - The job (writable-dir-docker) exited.
</system-err>
		</testcase>
		<testcase class="resource" name="Test dynamic resource reqs referencing inputs" time="12.919254">
			<system-out>{
  &quot;output&quot; : {
    &quot;location&quot; : &quot;file:///tmp/tmpa0g6ycrk/dynresreq-da70e99b-b040-4907-811e-7630a1e59bb5/cores.txt&quot;,
    &quot;path&quot; : &quot;/tmp/tmpa0g6ycrk/dynresreq-da70e99b-b040-4907-811e-7630a1e59bb5/cores.txt&quot;,
    &quot;basename&quot; : &quot;cores.txt&quot;,
    &quot;dirname&quot; : &quot;/tmp/tmpa0g6ycrk/dynresreq-da70e99b-b040-4907-811e-7630a1e59bb5&quot;,
    &quot;nameroot&quot; : &quot;cores&quot;,
    &quot;nameext&quot; : &quot;.txt&quot;,
    &quot;checksum&quot; : &quot;sha1$7448d8798a4380162d4b56f9b452e2f6f9e24e7a&quot;,
    &quot;size&quot; : 2,
    &quot;class&quot; : &quot;File&quot;
  }
}
</system-out>
		</testcase>
		<testcase class="required" name="Test file literal as input without Docker" time="4.144426">
			<failure message="Command '/cwlexec-0.1/cwlexec --outdir=/tmp/tmpjkko_z50 --quiet v1.0/cat3-nodocker.cwl v1.0/file-literal.yml' returned non-zero exit status 255" type="failure">Command '/cwlexec-0.1/cwlexec --outdir=/tmp/tmpjkko_z50 --quiet v1.0/cat3-nodocker.cwl v1.0/file-literal.yml' returned non-zero exit status 255</failure>
			<system-err>Failed to write file &quot;/common-workflow-language-master/v1.0/v1.0/file1-2aed050d6&quot;: /common-workflow-language-master/v1.0/v1.0/file1-2aed050d6 (Permission denied)
</system-err>
		</testcase>
		<testcase class="required" name="Test that OutputBinding.glob is sorted as specified by POSIX" time="18.451433">
			<system-out>{
  &quot;letters&quot; : [ {
    &quot;location&quot; : &quot;file:///tmp/tmpllqq4joq/glob_test-6839c213-7c9e-43a3-8612-4cb69302390b/a&quot;,
    &quot;path&quot; : &quot;/tmp/tmpllqq4joq/glob_test-6839c213-7c9e-43a3-8612-4cb69302390b/a&quot;,
    &quot;basename&quot; : &quot;a&quot;,
    &quot;dirname&quot; : &quot;/tmp/tmpllqq4joq/glob_test-6839c213-7c9e-43a3-8612-4cb69302390b&quot;,
    &quot;checksum&quot; : &quot;sha1$da39a3ee5e6b4b0d3255bfef95601890afd80709&quot;,
    &quot;size&quot; : 0,
    &quot;class&quot; : &quot;File&quot;
  }, {
    &quot;location&quot; : &quot;file:///tmp/tmpllqq4joq/glob_test-6839c213-7c9e-43a3-8612-4cb69302390b/b&quot;,
    &quot;path&quot; : &quot;/tmp/tmpllqq4joq/glob_test-6839c213-7c9e-43a3-8612-4cb69302390b/b&quot;,
    &quot;basename&quot; : &quot;b&quot;,
    &quot;dirname&quot; : &quot;/tmp/tmpllqq4joq/glob_test-6839c213-7c9e-43a3-8612-4cb69302390b&quot;,
    &quot;checksum&quot; : &quot;sha1$da39a3ee5e6b4b0d3255bfef95601890afd80709&quot;,
    &quot;size&quot; : 0,
    &quot;class&quot; : &quot;File&quot;
  }, {
    &quot;location&quot; : &quot;file:///tmp/tmpllqq4joq/glob_test-6839c213-7c9e-43a3-8612-4cb69302390b/c&quot;,
    &quot;path&quot; : &quot;/tmp/tmpllqq4joq/glob_test-6839c213-7c9e-43a3-8612-4cb69302390b/c&quot;,
    &quot;basename&quot; : &quot;c&quot;,
    &quot;dirname&quot; : &quot;/tmp/tmpllqq4joq/glob_test-6839c213-7c9e-43a3-8612-4cb69302390b&quot;,
    &quot;checksum&quot; : &quot;sha1$da39a3ee5e6b4b0d3255bfef95601890afd80709&quot;,
    &quot;size&quot; : 0,
    &quot;class&quot; : &quot;File&quot;
  }, {
    &quot;location&quot; : &quot;file:///tmp/tmpllqq4joq/glob_test-6839c213-7c9e-43a3-8612-4cb69302390b/w&quot;,
    &quot;path&quot; : &quot;/tmp/tmpllqq4joq/glob_test-6839c213-7c9e-43a3-8612-4cb69302390b/w&quot;,
    &quot;basename&quot; : &quot;w&quot;,
    &quot;dirname&quot; : &quot;/tmp/tmpllqq4joq/glob_test-6839c213-7c9e-43a3-8612-4cb69302390b&quot;,
    &quot;checksum&quot; : &quot;sha1$da39a3ee5e6b4b0d3255bfef95601890afd80709&quot;,
    &quot;size&quot; : 0,
    &quot;class&quot; : &quot;File&quot;
  }, {
    &quot;location&quot; : &quot;file:///tmp/tmpllqq4joq/glob_test-6839c213-7c9e-43a3-8612-4cb69302390b/x&quot;,
    &quot;path&quot; : &quot;/tmp/tmpllqq4joq/glob_test-6839c213-7c9e-43a3-8612-4cb69302390b/x&quot;,
    &quot;basename&quot; : &quot;x&quot;,
    &quot;dirname&quot; : &quot;/tmp/tmpllqq4joq/glob_test-6839c213-7c9e-43a3-8612-4cb69302390b&quot;,
    &quot;checksum&quot; : &quot;sha1$da39a3ee5e6b4b0d3255bfef95601890afd80709&quot;,
    &quot;size&quot; : 0,
    &quot;class&quot; : &quot;File&quot;
  }, {
    &quot;location&quot; : &quot;file:///tmp/tmpllqq4joq/glob_test-6839c213-7c9e-43a3-8612-4cb69302390b/y&quot;,
    &quot;path&quot; : &quot;/tmp/tmpllqq4joq/glob_test-6839c213-7c9e-43a3-8612-4cb69302390b/y&quot;,
    &quot;basename&quot; : &quot;y&quot;,
    &quot;dirname&quot; : &quot;/tmp/tmpllqq4joq/glob_test-6839c213-7c9e-43a3-8612-4cb69302390b&quot;,
    &quot;checksum&quot; : &quot;sha1$da39a3ee5e6b4b0d3255bfef95601890afd80709&quot;,
    &quot;size&quot; : 0,
    &quot;class&quot; : &quot;File&quot;
  }, {
    &quot;location&quot; : &quot;file:///tmp/tmpllqq4joq/glob_test-6839c213-7c9e-43a3-8612-4cb69302390b/z&quot;,
    &quot;path&quot; : &quot;/tmp/tmpllqq4joq/glob_test-6839c213-7c9e-43a3-8612-4cb69302390b/z&quot;,
    &quot;basename&quot; : &quot;z&quot;,
    &quot;dirname&quot; : &quot;/tmp/tmpllqq4joq/glob_test-6839c213-7c9e-43a3-8612-4cb69302390b&quot;,
    &quot;checksum&quot; : &quot;sha1$da39a3ee5e6b4b0d3255bfef95601890afd80709&quot;,
    &quot;size&quot; : 0,
    &quot;class&quot; : &quot;File&quot;
  } ]
}
</system-out>
		</testcase>
		<testcase class="initial_work_dir" name="Test InitialWorkDirRequirement with a nested directory structure from another step" time="13.502600">
			<system-out>{
  &quot;ya_empty&quot; : {
    &quot;location&quot; : &quot;file:///tmp/tmp84j78rc6/iwdr_with_nested_dirs-bc2bb6c7-b290-4edd-abf1-09d5864662c9/ya&quot;,
    &quot;path&quot; : &quot;/tmp/tmp84j78rc6/iwdr_with_nested_dirs-bc2bb6c7-b290-4edd-abf1-09d5864662c9/ya&quot;,
    &quot;basename&quot; : &quot;ya&quot;,
    &quot;dirname&quot; : &quot;/tmp/tmp84j78rc6/iwdr_with_nested_dirs-bc2bb6c7-b290-4edd-abf1-09d5864662c9&quot;,
    &quot;checksum&quot; : &quot;sha1$da39a3ee5e6b4b0d3255bfef95601890afd80709&quot;,
    &quot;size&quot; : 0,
    &quot;class&quot; : &quot;File&quot;
  }
}
</system-out>
		</testcase>
		<testcase class="required" name="Test that boolean flags do not appear on command line if inputBinding is empty and not null" time="8.446022">
			<system-out>{
  &quot;args&quot; : [ ]
}
</system-out>
		</testcase>
		<testcase class="inline_javascript" name="Test that expression engine does not fail to evaluate reference to self with unprovided input" time="9.318386">
			<system-out>{
  &quot;args&quot; : [ ]
}
</system-out>
		</testcase>
		<testcase class="required" name="Test successCodes" time="17.478049">
			<system-out>{ }
</system-out>
		</testcase>
		<testcase class="resource" name="Test simple workflow with a dynamic resource requirement" time="13.293420">
			<system-out>{
  &quot;cores&quot; : {
    &quot;location&quot; : &quot;file:///tmp/tmpnpyoj7_t/dynresreq-workflow-c23e7791-c764-4b38-8d9a-86ec9766ccb0/output&quot;,
    &quot;path&quot; : &quot;/tmp/tmpnpyoj7_t/dynresreq-workflow-c23e7791-c764-4b38-8d9a-86ec9766ccb0/output&quot;,
    &quot;basename&quot; : &quot;output&quot;,
    &quot;dirname&quot; : &quot;/tmp/tmpnpyoj7_t/dynresreq-workflow-c23e7791-c764-4b38-8d9a-86ec9766ccb0&quot;,
    &quot;checksum&quot; : &quot;sha1$7448d8798a4380162d4b56f9b452e2f6f9e24e7a&quot;,
    &quot;size&quot; : 2,
    &quot;class&quot; : &quot;File&quot;
  }
}
</system-out>
		</testcase>
		<testcase class="required" name="Test that empty array input does not add anything to command line" time="12.772146">
			<failure message="Command '/cwlexec-0.1/cwlexec --outdir=/tmp/tmplicozjuu --quiet v1.0/empty-array-input.cwl v1.0/empty-array-job.json' returned non-zero exit status 127" type="failure">Command '/cwlexec-0.1/cwlexec --outdir=/tmp/tmplicozjuu --quiet v1.0/empty-array-input.cwl v1.0/empty-array-job.json' returned non-zero exit status 127</failure>
			<system-err>[09:33:31.810] ERROR - The bwait command failed to execute (exitCode=2, exitMsg=done(251): Wait condition is never satisfied)
[09:33:31.812] ERROR - The job (empty-array-input) exited.
</system-err>
		</testcase>
		<testcase class="resource" name="Test that ResourceRequirement on a step level redefines requirement on the workflow level" time="16.257241">
			<system-out>{
  &quot;out&quot; : {
    &quot;location&quot; : &quot;file:///tmp/tmpuybr7yxw/steplevel-resreq-57e54bd7-a6b2-448b-89be-74874ecebf0f/cores.txt&quot;,
    &quot;path&quot; : &quot;/tmp/tmpuybr7yxw/steplevel-resreq-57e54bd7-a6b2-448b-89be-74874ecebf0f/cores.txt&quot;,
    &quot;basename&quot; : &quot;cores.txt&quot;,
    &quot;dirname&quot; : &quot;/tmp/tmpuybr7yxw/steplevel-resreq-57e54bd7-a6b2-448b-89be-74874ecebf0f&quot;,
    &quot;nameroot&quot; : &quot;cores&quot;,
    &quot;nameext&quot; : &quot;.txt&quot;,
    &quot;checksum&quot; : &quot;sha1$e5fa44f2b31c1fb553b6021e7360d07d5d91ff5e&quot;,
    &quot;size&quot; : 2,
    &quot;class&quot; : &quot;File&quot;
  }
}
</system-out>
		</testcase>
		<testcase class="inline_javascript" name="Test valueFrom with constant value overriding provided array inputs" time="14.791530">
			<failure message="Command '/cwlexec-0.1/cwlexec --outdir=/tmp/tmp0vrftqpb --quiet v1.0/valueFrom-constant.cwl v1.0/array-of-strings-job.yml' returned non-zero exit status 127" type="failure">Command '/cwlexec-0.1/cwlexec --outdir=/tmp/tmp0vrftqpb --quiet v1.0/valueFrom-constant.cwl v1.0/array-of-strings-job.yml' returned non-zero exit status 127</failure>
			<system-err>[09:34:02.914] ERROR - The bwait command failed to execute (exitCode=2, exitMsg=done(253): Wait condition is never satisfied)
[09:34:02.917] ERROR - The job (valueFrom-constant) exited.
</system-err>
		</testcase>
	</testsuite>
</testsuites>
